2022-12-08T01:24:59+00:00 dhcp-vl2041-24267.eduroam.cornell.edu#00 I: Runner: processes
2022-12-08T01:24:59+00:00 dhcp-vl2041-24267.eduroam.cornell.edu#00 I: Chooser: simple
2022-12-08T01:24:59+00:00 dhcp-vl2041-24267.eduroam.cornell.edu#00 I: Configuration suite_name = ""
2022-12-08T01:24:59+00:00 dhcp-vl2041-24267.eduroam.cornell.edu#00 I: Configuration cache_filename = "/Users/andrewchoi/3110-final-proj/_build/oUnit-$(suite_name).cache"
2022-12-08T01:24:59+00:00 dhcp-vl2041-24267.eduroam.cornell.edu#00 I: Configuration run_gc_full_major = "true"
2022-12-08T01:24:59+00:00 dhcp-vl2041-24267.eduroam.cornell.edu#00 I: Configuration display = "true"
2022-12-08T01:24:59+00:00 dhcp-vl2041-24267.eduroam.cornell.edu#00 I: Configuration results_style_1_X = "false"
2022-12-08T01:24:59+00:00 dhcp-vl2041-24267.eduroam.cornell.edu#00 I: Configuration testdata_dir = "none"
2022-12-08T01:24:59+00:00 dhcp-vl2041-24267.eduroam.cornell.edu#00 I: Configuration health_check_interval = "1."
2022-12-08T01:24:59+00:00 dhcp-vl2041-24267.eduroam.cornell.edu#00 I: Configuration verbose = "false"
2022-12-08T01:24:59+00:00 dhcp-vl2041-24267.eduroam.cornell.edu#00 I: Configuration chooser = "simple"
2022-12-08T01:24:59+00:00 dhcp-vl2041-24267.eduroam.cornell.edu#00 I: Configuration output_html_dir = "none"
2022-12-08T01:24:59+00:00 dhcp-vl2041-24267.eduroam.cornell.edu#00 I: Configuration processes_kill_period = "5."
2022-12-08T01:24:59+00:00 dhcp-vl2041-24267.eduroam.cornell.edu#00 I: Configuration runner = "processes"
2022-12-08T01:24:59+00:00 dhcp-vl2041-24267.eduroam.cornell.edu#00 I: Configuration shards = "2"
2022-12-08T01:24:59+00:00 dhcp-vl2041-24267.eduroam.cornell.edu#00 I: Configuration processes_grace_period = "5."
2022-12-08T01:24:59+00:00 dhcp-vl2041-24267.eduroam.cornell.edu#00 I: Configuration log_encoding = "utf-8"
2022-12-08T01:24:59+00:00 dhcp-vl2041-24267.eduroam.cornell.edu#00 I: Configuration output_junit_file = "none"
2022-12-08T01:24:59+00:00 dhcp-vl2041-24267.eduroam.cornell.edu#00 I: Configuration ci = "false"
2022-12-08T01:24:59+00:00 dhcp-vl2041-24267.eduroam.cornell.edu#00 I: Configuration output_file = "/Users/andrewchoi/3110-final-proj/_build/oUnit-$(suite_name)-$(shard_id).log"
2022-12-08T01:24:59+00:00 dhcp-vl2041-24267.eduroam.cornell.edu#00 I: Using 2 workers maximum.
2022-12-08T01:24:59+00:00 dhcp-vl2041-24267.eduroam.cornell.edu#00 I: Starting worker number dhcp-vl2041-24267.eduroam.cornell.edu#01.
2022-12-08T01:24:59+00:00 dhcp-vl2041-24267.eduroam.cornell.edu#00 I: Worker dhcp-vl2041-24267.eduroam.cornell.edu#01 started.
2022-12-08T01:24:59+00:00 dhcp-vl2041-24267.eduroam.cornell.edu#00 I: Starting worker number dhcp-vl2041-24267.eduroam.cornell.edu#02.
2022-12-08T01:24:59+00:00 dhcp-vl2041-24267.eduroam.cornell.edu#00 I: Worker dhcp-vl2041-24267.eduroam.cornell.edu#02 started.
2022-12-08T01:24:59+00:00 dhcp-vl2041-24267.eduroam.cornell.edu#00 I: 2 tests running: :1:sample col with one value, :0:sample col with no values.
2022-12-08T01:24:59+00:00 dhcp-vl2041-24267.eduroam.cornell.edu#01 I: Start test :0:sample col with no values.
2022-12-08T01:24:59+00:00 dhcp-vl2041-24267.eduroam.cornell.edu#00 I: 2 tests running: :1:sample col with one value, :0:sample col with no values.
2022-12-08T01:24:59+00:00 dhcp-vl2041-24267.eduroam.cornell.edu#02 I: Start test :1:sample col with one value.
2022-12-08T01:24:59+00:00 dhcp-vl2041-24267.eduroam.cornell.edu#00 I: 2 tests running: :1:sample col with one value, :0:sample col with no values.
2022-12-08T01:24:59+00:00 dhcp-vl2041-24267.eduroam.cornell.edu#01 I: Test :0:sample col with no values is successful.
2022-12-08T01:24:59+00:00 dhcp-vl2041-24267.eduroam.cornell.edu#00 I: 2 tests running: :1:sample col with one value, :0:sample col with no values.
2022-12-08T01:24:59+00:00 dhcp-vl2041-24267.eduroam.cornell.edu#01 I: End test :0:sample col with no values.
2022-12-08T01:24:59+00:00 dhcp-vl2041-24267.eduroam.cornell.edu#00 I: 2 tests running: :1:sample col with one value, :0:sample col with no values.
2022-12-08T01:24:59+00:00 dhcp-vl2041-24267.eduroam.cornell.edu#00 I: 2 tests running: :2:sample col with two values, :1:sample col with one value.
2022-12-08T01:24:59+00:00 dhcp-vl2041-24267.eduroam.cornell.edu#02 I: Test :1:sample col with one value is successful.
2022-12-08T01:24:59+00:00 dhcp-vl2041-24267.eduroam.cornell.edu#01 I: Start test :2:sample col with two values.
2022-12-08T01:24:59+00:00 dhcp-vl2041-24267.eduroam.cornell.edu#00 I: 2 tests running: :2:sample col with two values, :1:sample col with one value.
2022-12-08T01:24:59+00:00 dhcp-vl2041-24267.eduroam.cornell.edu#02 I: End test :1:sample col with one value.
2022-12-08T01:24:59+00:00 dhcp-vl2041-24267.eduroam.cornell.edu#00 I: 2 tests running: :2:sample col with two values, :1:sample col with one value.
2022-12-08T01:24:59+00:00 dhcp-vl2041-24267.eduroam.cornell.edu#00 I: 2 tests running: :3:sample table with no columns, :2:sample col with two values.
2022-12-08T01:24:59+00:00 dhcp-vl2041-24267.eduroam.cornell.edu#02 I: Start test :3:sample table with no columns.
2022-12-08T01:24:59+00:00 dhcp-vl2041-24267.eduroam.cornell.edu#00 I: 2 tests running: :3:sample table with no columns, :2:sample col with two values.
2022-12-08T01:24:59+00:00 dhcp-vl2041-24267.eduroam.cornell.edu#01 I: Test :2:sample col with two values is successful.
2022-12-08T01:24:59+00:00 dhcp-vl2041-24267.eduroam.cornell.edu#00 I: 2 tests running: :3:sample table with no columns, :2:sample col with two values.
2022-12-08T01:24:59+00:00 dhcp-vl2041-24267.eduroam.cornell.edu#01 I: End test :2:sample col with two values.
2022-12-08T01:24:59+00:00 dhcp-vl2041-24267.eduroam.cornell.edu#00 I: 2 tests running: :3:sample table with no columns, :2:sample col with two values.
2022-12-08T01:24:59+00:00 dhcp-vl2041-24267.eduroam.cornell.edu#00 I: 2 tests running: :4:sample table with one column, :3:sample table with no columns.
2022-12-08T01:24:59+00:00 dhcp-vl2041-24267.eduroam.cornell.edu#02 I: Test :3:sample table with no columns is successful.
2022-12-08T01:24:59+00:00 dhcp-vl2041-24267.eduroam.cornell.edu#01 I: Start test :4:sample table with one column.
2022-12-08T01:24:59+00:00 dhcp-vl2041-24267.eduroam.cornell.edu#00 I: 2 tests running: :4:sample table with one column, :3:sample table with no columns.
2022-12-08T01:24:59+00:00 dhcp-vl2041-24267.eduroam.cornell.edu#02 I: End test :3:sample table with no columns.
2022-12-08T01:24:59+00:00 dhcp-vl2041-24267.eduroam.cornell.edu#00 I: 2 tests running: :4:sample table with one column, :3:sample table with no columns.
2022-12-08T01:24:59+00:00 dhcp-vl2041-24267.eduroam.cornell.edu#00 I: 2 tests running: :5:sample table with two columns, :4:sample table with one column.
2022-12-08T01:24:59+00:00 dhcp-vl2041-24267.eduroam.cornell.edu#02 I: Start test :5:sample table with two columns.
2022-12-08T01:24:59+00:00 dhcp-vl2041-24267.eduroam.cornell.edu#00 I: 2 tests running: :5:sample table with two columns, :4:sample table with one column.
2022-12-08T01:24:59+00:00 dhcp-vl2041-24267.eduroam.cornell.edu#01 I: Test :4:sample table with one column is successful.
2022-12-08T01:24:59+00:00 dhcp-vl2041-24267.eduroam.cornell.edu#00 I: 2 tests running: :5:sample table with two columns, :4:sample table with one column.
2022-12-08T01:24:59+00:00 dhcp-vl2041-24267.eduroam.cornell.edu#01 I: End test :4:sample table with one column.
2022-12-08T01:24:59+00:00 dhcp-vl2041-24267.eduroam.cornell.edu#00 I: 2 tests running: :5:sample table with two columns, :4:sample table with one column.
2022-12-08T01:24:59+00:00 dhcp-vl2041-24267.eduroam.cornell.edu#00 I: 2 tests running: :6:sample database with no tables, :5:sample table with two columns.
2022-12-08T01:24:59+00:00 dhcp-vl2041-24267.eduroam.cornell.edu#02 I: Test :5:sample table with two columns is successful.
2022-12-08T01:24:59+00:00 dhcp-vl2041-24267.eduroam.cornell.edu#00 I: 2 tests running: :6:sample database with no tables, :5:sample table with two columns.
2022-12-08T01:24:59+00:00 dhcp-vl2041-24267.eduroam.cornell.edu#02 I: End test :5:sample table with two columns.
2022-12-08T01:24:59+00:00 dhcp-vl2041-24267.eduroam.cornell.edu#00 I: 2 tests running: :6:sample database with no tables, :5:sample table with two columns.
2022-12-08T01:24:59+00:00 dhcp-vl2041-24267.eduroam.cornell.edu#00 I: 2 tests running: :7:sample database with one table, :6:sample database with no tables.
2022-12-08T01:24:59+00:00 dhcp-vl2041-24267.eduroam.cornell.edu#01 I: Start test :6:sample database with no tables.
2022-12-08T01:24:59+00:00 dhcp-vl2041-24267.eduroam.cornell.edu#00 I: 2 tests running: :7:sample database with one table, :6:sample database with no tables.
2022-12-08T01:24:59+00:00 dhcp-vl2041-24267.eduroam.cornell.edu#02 I: Start test :7:sample database with one table.
2022-12-08T01:24:59+00:00 dhcp-vl2041-24267.eduroam.cornell.edu#00 I: 2 tests running: :7:sample database with one table, :6:sample database with no tables.
2022-12-08T01:24:59+00:00 dhcp-vl2041-24267.eduroam.cornell.edu#01 I: Test :6:sample database with no tables is successful.
2022-12-08T01:24:59+00:00 dhcp-vl2041-24267.eduroam.cornell.edu#02 I: Test :7:sample database with one table is successful.
2022-12-08T01:24:59+00:00 dhcp-vl2041-24267.eduroam.cornell.edu#00 I: 2 tests running: :7:sample database with one table, :6:sample database with no tables.
2022-12-08T01:24:59+00:00 dhcp-vl2041-24267.eduroam.cornell.edu#01 I: End test :6:sample database with no tables.
2022-12-08T01:24:59+00:00 dhcp-vl2041-24267.eduroam.cornell.edu#02 I: End test :7:sample database with one table.
2022-12-08T01:24:59+00:00 dhcp-vl2041-24267.eduroam.cornell.edu#00 I: 2 tests running: :7:sample database with one table, :6:sample database with no tables.
2022-12-08T01:24:59+00:00 dhcp-vl2041-24267.eduroam.cornell.edu#00 I: 2 tests running: :9:destringify db1.json, :8:sample database with two tables.
2022-12-08T01:24:59+00:00 dhcp-vl2041-24267.eduroam.cornell.edu#02 I: Start test :8:sample database with two tables.
2022-12-08T01:24:59+00:00 dhcp-vl2041-24267.eduroam.cornell.edu#00 I: 2 tests running: :9:destringify db1.json, :8:sample database with two tables.
2022-12-08T01:24:59+00:00 dhcp-vl2041-24267.eduroam.cornell.edu#01 I: Start test :9:destringify db1.json.
2022-12-08T01:24:59+00:00 dhcp-vl2041-24267.eduroam.cornell.edu#00 I: 2 tests running: :9:destringify db1.json, :8:sample database with two tables.
2022-12-08T01:24:59+00:00 dhcp-vl2041-24267.eduroam.cornell.edu#02 I: Test :8:sample database with two tables is successful.
2022-12-08T01:24:59+00:00 dhcp-vl2041-24267.eduroam.cornell.edu#00 I: 2 tests running: :9:destringify db1.json, :8:sample database with two tables.
2022-12-08T01:24:59+00:00 dhcp-vl2041-24267.eduroam.cornell.edu#02 I: End test :8:sample database with two tables.
2022-12-08T01:24:59+00:00 dhcp-vl2041-24267.eduroam.cornell.edu#00 I: 2 tests running: :9:destringify db1.json, :8:sample database with two tables.
2022-12-08T01:24:59+00:00 dhcp-vl2041-24267.eduroam.cornell.edu#00 I: 2 tests running: :10:destringify db.json, :9:destringify db1.json.
2022-12-08T01:24:59+00:00 dhcp-vl2041-24267.eduroam.cornell.edu#02 I: Start test :10:destringify db.json.
2022-12-08T01:24:59+00:00 dhcp-vl2041-24267.eduroam.cornell.edu#00 I: 2 tests running: :10:destringify db.json, :9:destringify db1.json.
2022-12-08T01:24:59+00:00 dhcp-vl2041-24267.eduroam.cornell.edu#01 I: Test :9:destringify db1.json is successful.
2022-12-08T01:24:59+00:00 dhcp-vl2041-24267.eduroam.cornell.edu#00 I: 2 tests running: :10:destringify db.json, :9:destringify db1.json.
2022-12-08T01:24:59+00:00 dhcp-vl2041-24267.eduroam.cornell.edu#01 I: End test :9:destringify db1.json.
2022-12-08T01:24:59+00:00 dhcp-vl2041-24267.eduroam.cornell.edu#00 I: 2 tests running: :10:destringify db.json, :9:destringify db1.json.
2022-12-08T01:24:59+00:00 dhcp-vl2041-24267.eduroam.cornell.edu#00 I: 2 tests running: :11:destringify db.json, :10:destringify db.json.
2022-12-08T01:24:59+00:00 dhcp-vl2041-24267.eduroam.cornell.edu#01 I: Start test :11:destringify db.json.
2022-12-08T01:24:59+00:00 dhcp-vl2041-24267.eduroam.cornell.edu#00 I: 2 tests running: :11:destringify db.json, :10:destringify db.json.
2022-12-08T01:24:59+00:00 dhcp-vl2041-24267.eduroam.cornell.edu#02 I: Test :10:destringify db.json is successful.
2022-12-08T01:24:59+00:00 dhcp-vl2041-24267.eduroam.cornell.edu#00 I: 2 tests running: :11:destringify db.json, :10:destringify db.json.
2022-12-08T01:24:59+00:00 dhcp-vl2041-24267.eduroam.cornell.edu#02 I: End test :10:destringify db.json.
2022-12-08T01:24:59+00:00 dhcp-vl2041-24267.eduroam.cornell.edu#00 I: 2 tests running: :11:destringify db.json, :10:destringify db.json.
2022-12-08T01:24:59+00:00 dhcp-vl2041-24267.eduroam.cornell.edu#00 I: 2 tests running: :12:Int Column Type, :11:destringify db.json.
2022-12-08T01:24:59+00:00 dhcp-vl2041-24267.eduroam.cornell.edu#02 I: Start test :12:Int Column Type.
2022-12-08T01:24:59+00:00 dhcp-vl2041-24267.eduroam.cornell.edu#00 I: 2 tests running: :12:Int Column Type, :11:destringify db.json.
2022-12-08T01:24:59+00:00 dhcp-vl2041-24267.eduroam.cornell.edu#01 I: Test :11:destringify db.json is successful.
2022-12-08T01:24:59+00:00 dhcp-vl2041-24267.eduroam.cornell.edu#00 I: 2 tests running: :12:Int Column Type, :11:destringify db.json.
2022-12-08T01:24:59+00:00 dhcp-vl2041-24267.eduroam.cornell.edu#01 I: End test :11:destringify db.json.
2022-12-08T01:24:59+00:00 dhcp-vl2041-24267.eduroam.cornell.edu#00 I: 2 tests running: :12:Int Column Type, :11:destringify db.json.
2022-12-08T01:24:59+00:00 dhcp-vl2041-24267.eduroam.cornell.edu#00 I: 2 tests running: :13:Int Column Type, :12:Int Column Type.
2022-12-08T01:24:59+00:00 dhcp-vl2041-24267.eduroam.cornell.edu#01 I: Start test :13:Int Column Type.
2022-12-08T01:24:59+00:00 dhcp-vl2041-24267.eduroam.cornell.edu#00 I: 2 tests running: :13:Int Column Type, :12:Int Column Type.
2022-12-08T01:24:59+00:00 dhcp-vl2041-24267.eduroam.cornell.edu#02 I: Test :12:Int Column Type is successful.
2022-12-08T01:24:59+00:00 dhcp-vl2041-24267.eduroam.cornell.edu#00 I: 2 tests running: :13:Int Column Type, :12:Int Column Type.
2022-12-08T01:24:59+00:00 dhcp-vl2041-24267.eduroam.cornell.edu#02 I: End test :12:Int Column Type.
2022-12-08T01:24:59+00:00 dhcp-vl2041-24267.eduroam.cornell.edu#00 I: 2 tests running: :13:Int Column Type, :12:Int Column Type.
2022-12-08T01:24:59+00:00 dhcp-vl2041-24267.eduroam.cornell.edu#00 I: 2 tests running: :14:String Column Type, :13:Int Column Type.
2022-12-08T01:24:59+00:00 dhcp-vl2041-24267.eduroam.cornell.edu#02 I: Start test :14:String Column Type.
2022-12-08T01:24:59+00:00 dhcp-vl2041-24267.eduroam.cornell.edu#00 I: 2 tests running: :14:String Column Type, :13:Int Column Type.
2022-12-08T01:24:59+00:00 dhcp-vl2041-24267.eduroam.cornell.edu#01 I: Test :13:Int Column Type is successful.
2022-12-08T01:24:59+00:00 dhcp-vl2041-24267.eduroam.cornell.edu#00 I: 2 tests running: :14:String Column Type, :13:Int Column Type.
2022-12-08T01:24:59+00:00 dhcp-vl2041-24267.eduroam.cornell.edu#01 I: End test :13:Int Column Type.
2022-12-08T01:24:59+00:00 dhcp-vl2041-24267.eduroam.cornell.edu#00 I: 2 tests running: :14:String Column Type, :13:Int Column Type.
2022-12-08T01:24:59+00:00 dhcp-vl2041-24267.eduroam.cornell.edu#00 I: 2 tests running: :15:String Column Type, :14:String Column Type.
2022-12-08T01:24:59+00:00 dhcp-vl2041-24267.eduroam.cornell.edu#01 I: Start test :15:String Column Type.
2022-12-08T01:24:59+00:00 dhcp-vl2041-24267.eduroam.cornell.edu#00 I: 2 tests running: :15:String Column Type, :14:String Column Type.
2022-12-08T01:24:59+00:00 dhcp-vl2041-24267.eduroam.cornell.edu#02 I: Test :14:String Column Type is successful.
2022-12-08T01:24:59+00:00 dhcp-vl2041-24267.eduroam.cornell.edu#00 I: 2 tests running: :15:String Column Type, :14:String Column Type.
2022-12-08T01:24:59+00:00 dhcp-vl2041-24267.eduroam.cornell.edu#02 I: End test :14:String Column Type.
2022-12-08T01:24:59+00:00 dhcp-vl2041-24267.eduroam.cornell.edu#00 I: 2 tests running: :15:String Column Type, :14:String Column Type.
2022-12-08T01:24:59+00:00 dhcp-vl2041-24267.eduroam.cornell.edu#00 I: 2 tests running: :16:Int Value Type, :15:String Column Type.
2022-12-08T01:24:59+00:00 dhcp-vl2041-24267.eduroam.cornell.edu#02 I: Start test :16:Int Value Type.
2022-12-08T01:24:59+00:00 dhcp-vl2041-24267.eduroam.cornell.edu#00 I: 2 tests running: :16:Int Value Type, :15:String Column Type.
2022-12-08T01:24:59+00:00 dhcp-vl2041-24267.eduroam.cornell.edu#01 I: Test :15:String Column Type is successful.
2022-12-08T01:24:59+00:00 dhcp-vl2041-24267.eduroam.cornell.edu#00 I: 2 tests running: :16:Int Value Type, :15:String Column Type.
2022-12-08T01:24:59+00:00 dhcp-vl2041-24267.eduroam.cornell.edu#01 I: End test :15:String Column Type.
2022-12-08T01:24:59+00:00 dhcp-vl2041-24267.eduroam.cornell.edu#00 I: 2 tests running: :16:Int Value Type, :15:String Column Type.
2022-12-08T01:24:59+00:00 dhcp-vl2041-24267.eduroam.cornell.edu#00 I: 2 tests running: :17:Int Value Type, :16:Int Value Type.
2022-12-08T01:24:59+00:00 dhcp-vl2041-24267.eduroam.cornell.edu#01 I: Start test :17:Int Value Type.
2022-12-08T01:24:59+00:00 dhcp-vl2041-24267.eduroam.cornell.edu#00 I: 2 tests running: :17:Int Value Type, :16:Int Value Type.
2022-12-08T01:24:59+00:00 dhcp-vl2041-24267.eduroam.cornell.edu#02 I: Test :16:Int Value Type is successful.
2022-12-08T01:24:59+00:00 dhcp-vl2041-24267.eduroam.cornell.edu#00 I: 2 tests running: :17:Int Value Type, :16:Int Value Type.
2022-12-08T01:24:59+00:00 dhcp-vl2041-24267.eduroam.cornell.edu#02 I: End test :16:Int Value Type.
2022-12-08T01:24:59+00:00 dhcp-vl2041-24267.eduroam.cornell.edu#00 I: 2 tests running: :17:Int Value Type, :16:Int Value Type.
2022-12-08T01:24:59+00:00 dhcp-vl2041-24267.eduroam.cornell.edu#00 I: 2 tests running: :18:String Value Type, :17:Int Value Type.
2022-12-08T01:24:59+00:00 dhcp-vl2041-24267.eduroam.cornell.edu#02 I: Start test :18:String Value Type.
2022-12-08T01:24:59+00:00 dhcp-vl2041-24267.eduroam.cornell.edu#00 I: 2 tests running: :18:String Value Type, :17:Int Value Type.
2022-12-08T01:24:59+00:00 dhcp-vl2041-24267.eduroam.cornell.edu#01 I: Test :17:Int Value Type is successful.
2022-12-08T01:24:59+00:00 dhcp-vl2041-24267.eduroam.cornell.edu#00 I: 2 tests running: :18:String Value Type, :17:Int Value Type.
2022-12-08T01:24:59+00:00 dhcp-vl2041-24267.eduroam.cornell.edu#01 I: End test :17:Int Value Type.
2022-12-08T01:24:59+00:00 dhcp-vl2041-24267.eduroam.cornell.edu#00 I: 2 tests running: :18:String Value Type, :17:Int Value Type.
2022-12-08T01:24:59+00:00 dhcp-vl2041-24267.eduroam.cornell.edu#00 I: 2 tests running: :19:String Value Type, :18:String Value Type.
2022-12-08T01:24:59+00:00 dhcp-vl2041-24267.eduroam.cornell.edu#01 I: Start test :19:String Value Type.
2022-12-08T01:24:59+00:00 dhcp-vl2041-24267.eduroam.cornell.edu#00 I: 2 tests running: :19:String Value Type, :18:String Value Type.
2022-12-08T01:24:59+00:00 dhcp-vl2041-24267.eduroam.cornell.edu#02 I: Test :18:String Value Type is successful.
2022-12-08T01:24:59+00:00 dhcp-vl2041-24267.eduroam.cornell.edu#00 I: 2 tests running: :19:String Value Type, :18:String Value Type.
2022-12-08T01:24:59+00:00 dhcp-vl2041-24267.eduroam.cornell.edu#02 I: End test :18:String Value Type.
2022-12-08T01:24:59+00:00 dhcp-vl2041-24267.eduroam.cornell.edu#00 I: 2 tests running: :19:String Value Type, :18:String Value Type.
2022-12-08T01:24:59+00:00 dhcp-vl2041-24267.eduroam.cornell.edu#01 I: Test :19:String Value Type is successful.
2022-12-08T01:24:59+00:00 dhcp-vl2041-24267.eduroam.cornell.edu#00 I: 2 tests running: :20:insert empty row to empty table, :19:String Value Type.
2022-12-08T01:24:59+00:00 dhcp-vl2041-24267.eduroam.cornell.edu#01 I: End test :19:String Value Type.
2022-12-08T01:24:59+00:00 dhcp-vl2041-24267.eduroam.cornell.edu#00 I: 2 tests running: :20:insert empty row to empty table, :19:String Value Type.
2022-12-08T01:24:59+00:00 dhcp-vl2041-24267.eduroam.cornell.edu#00 I: 2 tests running: :21:name of col1 is "col1", :20:insert empty row to empty table.
2022-12-08T01:24:59+00:00 dhcp-vl2041-24267.eduroam.cornell.edu#02 I: Start test :20:insert empty row to empty table.
2022-12-08T01:24:59+00:00 dhcp-vl2041-24267.eduroam.cornell.edu#01 I: Start test :21:name of col1 is "col1".
2022-12-08T01:24:59+00:00 dhcp-vl2041-24267.eduroam.cornell.edu#00 I: 2 tests running: :21:name of col1 is "col1", :20:insert empty row to empty table.
2022-12-08T01:24:59+00:00 dhcp-vl2041-24267.eduroam.cornell.edu#01 I: Test :21:name of col1 is "col1" is successful.
2022-12-08T01:24:59+00:00 dhcp-vl2041-24267.eduroam.cornell.edu#00 I: 2 tests running: :21:name of col1 is "col1", :20:insert empty row to empty table.
2022-12-08T01:24:59+00:00 dhcp-vl2041-24267.eduroam.cornell.edu#02 I: Test :20:insert empty row to empty table is successful.
2022-12-08T01:24:59+00:00 dhcp-vl2041-24267.eduroam.cornell.edu#01 I: End test :21:name of col1 is "col1".
2022-12-08T01:24:59+00:00 dhcp-vl2041-24267.eduroam.cornell.edu#00 I: 2 tests running: :21:name of col1 is "col1", :20:insert empty row to empty table.
2022-12-08T01:24:59+00:00 dhcp-vl2041-24267.eduroam.cornell.edu#02 I: End test :20:insert empty row to empty table.
2022-12-08T01:24:59+00:00 dhcp-vl2041-24267.eduroam.cornell.edu#00 I: 2 tests running: :22:name of col7 is "", :20:insert empty row to empty table.
2022-12-08T01:24:59+00:00 dhcp-vl2041-24267.eduroam.cornell.edu#00 I: 2 tests running: :23:get col1 from tbl2, :22:name of col7 is "".
2022-12-08T01:24:59+00:00 dhcp-vl2041-24267.eduroam.cornell.edu#01 I: Start test :22:name of col7 is "".
2022-12-08T01:24:59+00:00 dhcp-vl2041-24267.eduroam.cornell.edu#00 I: 2 tests running: :23:get col1 from tbl2, :22:name of col7 is "".
2022-12-08T01:24:59+00:00 dhcp-vl2041-24267.eduroam.cornell.edu#02 I: Start test :23:get col1 from tbl2.
2022-12-08T01:24:59+00:00 dhcp-vl2041-24267.eduroam.cornell.edu#00 I: 2 tests running: :23:get col1 from tbl2, :22:name of col7 is "".
2022-12-08T01:24:59+00:00 dhcp-vl2041-24267.eduroam.cornell.edu#01 I: Test :22:name of col7 is "" is successful.
2022-12-08T01:24:59+00:00 dhcp-vl2041-24267.eduroam.cornell.edu#00 I: 2 tests running: :23:get col1 from tbl2, :22:name of col7 is "".
2022-12-08T01:24:59+00:00 dhcp-vl2041-24267.eduroam.cornell.edu#01 I: End test :22:name of col7 is "".
2022-12-08T01:24:59+00:00 dhcp-vl2041-24267.eduroam.cornell.edu#00 I: 2 tests running: :23:get col1 from tbl2, :22:name of col7 is "".
2022-12-08T01:24:59+00:00 dhcp-vl2041-24267.eduroam.cornell.edu#00 I: 2 tests running: :24:get col8 from tbl8, :23:get col1 from tbl2.
2022-12-08T01:24:59+00:00 dhcp-vl2041-24267.eduroam.cornell.edu#01 I: Start test :24:get col8 from tbl8.
2022-12-08T01:24:59+00:00 dhcp-vl2041-24267.eduroam.cornell.edu#00 I: 2 tests running: :24:get col8 from tbl8, :23:get col1 from tbl2.
2022-12-08T01:24:59+00:00 dhcp-vl2041-24267.eduroam.cornell.edu#01 E: Test :24:get col8 from tbl8 exited with an error.
2022-12-08T01:24:59+00:00 dhcp-vl2041-24267.eduroam.cornell.edu#01 E: Not_found in test :24:get col8 from tbl8.
2022-12-08T01:24:59+00:00 dhcp-vl2041-24267.eduroam.cornell.edu#01 E: Raised at Stdlib__List.find in file "list.ml", line 224, characters 10-25
2022-12-08T01:24:59+00:00 dhcp-vl2041-24267.eduroam.cornell.edu#01 E: Called from Dune__exe__Main.get_col_test.(fun) in file "test/main.ml", line 138, characters 4-38
2022-12-08T01:24:59+00:00 dhcp-vl2041-24267.eduroam.cornell.edu#01 E: Called from OUnitRunner.run_one_test.(fun) in file "src/lib/ounit2/advanced/oUnitRunner.ml", line 83, characters 13-26
2022-12-08T01:24:59+00:00 dhcp-vl2041-24267.eduroam.cornell.edu#01 E: 
2022-12-08T01:24:59+00:00 dhcp-vl2041-24267.eduroam.cornell.edu#00 I: 2 tests running: :24:get col8 from tbl8, :23:get col1 from tbl2.
2022-12-08T01:24:59+00:00 dhcp-vl2041-24267.eduroam.cornell.edu#01 I: End test :24:get col8 from tbl8.
2022-12-08T01:24:59+00:00 dhcp-vl2041-24267.eduroam.cornell.edu#00 I: 2 tests running: :24:get col8 from tbl8, :23:get col1 from tbl2.
2022-12-08T01:24:59+00:00 dhcp-vl2041-24267.eduroam.cornell.edu#00 I: 2 tests running: :25:get col1 from tbl2, :23:get col1 from tbl2.
2022-12-08T01:24:59+00:00 dhcp-vl2041-24267.eduroam.cornell.edu#02 I: Test :23:get col1 from tbl2 is successful.
2022-12-08T01:24:59+00:00 dhcp-vl2041-24267.eduroam.cornell.edu#01 I: Start test :25:get col1 from tbl2.
2022-12-08T01:24:59+00:00 dhcp-vl2041-24267.eduroam.cornell.edu#00 I: 2 tests running: :25:get col1 from tbl2, :23:get col1 from tbl2.
2022-12-08T01:24:59+00:00 dhcp-vl2041-24267.eduroam.cornell.edu#02 I: End test :23:get col1 from tbl2.
2022-12-08T01:24:59+00:00 dhcp-vl2041-24267.eduroam.cornell.edu#00 I: 2 tests running: :25:get col1 from tbl2, :23:get col1 from tbl2.
2022-12-08T01:24:59+00:00 dhcp-vl2041-24267.eduroam.cornell.edu#00 I: 2 tests running: :26:get col1 from tbl3, :25:get col1 from tbl2.
2022-12-08T01:24:59+00:00 dhcp-vl2041-24267.eduroam.cornell.edu#02 I: Start test :26:get col1 from tbl3.
2022-12-08T01:24:59+00:00 dhcp-vl2041-24267.eduroam.cornell.edu#00 I: 2 tests running: :26:get col1 from tbl3, :25:get col1 from tbl2.
2022-12-08T01:24:59+00:00 dhcp-vl2041-24267.eduroam.cornell.edu#01 I: Test :25:get col1 from tbl2 is successful.
2022-12-08T01:24:59+00:00 dhcp-vl2041-24267.eduroam.cornell.edu#00 I: 2 tests running: :26:get col1 from tbl3, :25:get col1 from tbl2.
2022-12-08T01:24:59+00:00 dhcp-vl2041-24267.eduroam.cornell.edu#01 I: End test :25:get col1 from tbl2.
2022-12-08T01:24:59+00:00 dhcp-vl2041-24267.eduroam.cornell.edu#00 I: 2 tests running: :26:get col1 from tbl3, :25:get col1 from tbl2.
2022-12-08T01:24:59+00:00 dhcp-vl2041-24267.eduroam.cornell.edu#00 I: 2 tests running: :27:get col2 from tbl3, :26:get col1 from tbl3.
2022-12-08T01:24:59+00:00 dhcp-vl2041-24267.eduroam.cornell.edu#01 I: Start test :27:get col2 from tbl3.
2022-12-08T01:24:59+00:00 dhcp-vl2041-24267.eduroam.cornell.edu#00 I: 2 tests running: :27:get col2 from tbl3, :26:get col1 from tbl3.
2022-12-08T01:24:59+00:00 dhcp-vl2041-24267.eduroam.cornell.edu#02 I: Test :26:get col1 from tbl3 is successful.
2022-12-08T01:24:59+00:00 dhcp-vl2041-24267.eduroam.cornell.edu#00 I: 2 tests running: :27:get col2 from tbl3, :26:get col1 from tbl3.
2022-12-08T01:24:59+00:00 dhcp-vl2041-24267.eduroam.cornell.edu#02 I: End test :26:get col1 from tbl3.
2022-12-08T01:24:59+00:00 dhcp-vl2041-24267.eduroam.cornell.edu#00 I: 2 tests running: :27:get col2 from tbl3, :26:get col1 from tbl3.
2022-12-08T01:24:59+00:00 dhcp-vl2041-24267.eduroam.cornell.edu#00 I: 2 tests running: :28:get col8 from tbl9, :27:get col2 from tbl3.
2022-12-08T01:24:59+00:00 dhcp-vl2041-24267.eduroam.cornell.edu#02 I: Start test :28:get col8 from tbl9.
2022-12-08T01:24:59+00:00 dhcp-vl2041-24267.eduroam.cornell.edu#00 I: 2 tests running: :28:get col8 from tbl9, :27:get col2 from tbl3.
2022-12-08T01:24:59+00:00 dhcp-vl2041-24267.eduroam.cornell.edu#02 E: Test :28:get col8 from tbl9 exited with an error.
2022-12-08T01:24:59+00:00 dhcp-vl2041-24267.eduroam.cornell.edu#02 E: Not_found in test :28:get col8 from tbl9.
2022-12-08T01:24:59+00:00 dhcp-vl2041-24267.eduroam.cornell.edu#02 E: Raised at Stdlib__List.find in file "list.ml", line 224, characters 10-25
2022-12-08T01:24:59+00:00 dhcp-vl2041-24267.eduroam.cornell.edu#02 E: Called from Dune__exe__Main.get_col_test.(fun) in file "test/main.ml", line 138, characters 4-38
2022-12-08T01:24:59+00:00 dhcp-vl2041-24267.eduroam.cornell.edu#02 E: Called from OUnitRunner.run_one_test.(fun) in file "src/lib/ounit2/advanced/oUnitRunner.ml", line 83, characters 13-26
2022-12-08T01:24:59+00:00 dhcp-vl2041-24267.eduroam.cornell.edu#02 E: 
2022-12-08T01:24:59+00:00 dhcp-vl2041-24267.eduroam.cornell.edu#00 I: 2 tests running: :28:get col8 from tbl9, :27:get col2 from tbl3.
2022-12-08T01:24:59+00:00 dhcp-vl2041-24267.eduroam.cornell.edu#02 I: End test :28:get col8 from tbl9.
2022-12-08T01:24:59+00:00 dhcp-vl2041-24267.eduroam.cornell.edu#00 I: 2 tests running: :28:get col8 from tbl9, :27:get col2 from tbl3.
2022-12-08T01:24:59+00:00 dhcp-vl2041-24267.eduroam.cornell.edu#00 I: 2 tests running: :29:get col7 from tbl9, :27:get col2 from tbl3.
2022-12-08T01:24:59+00:00 dhcp-vl2041-24267.eduroam.cornell.edu#02 I: Start test :29:get col7 from tbl9.
2022-12-08T01:24:59+00:00 dhcp-vl2041-24267.eduroam.cornell.edu#00 I: 2 tests running: :29:get col7 from tbl9, :27:get col2 from tbl3.
2022-12-08T01:24:59+00:00 dhcp-vl2041-24267.eduroam.cornell.edu#01 I: Test :27:get col2 from tbl3 is successful.
2022-12-08T01:24:59+00:00 dhcp-vl2041-24267.eduroam.cornell.edu#02 E: Test :29:get col7 from tbl9 exited with an error.
2022-12-08T01:24:59+00:00 dhcp-vl2041-24267.eduroam.cornell.edu#02 E: Not_found in test :29:get col7 from tbl9.
2022-12-08T01:24:59+00:00 dhcp-vl2041-24267.eduroam.cornell.edu#02 E: Raised at Stdlib__List.find in file "list.ml", line 224, characters 10-25
2022-12-08T01:24:59+00:00 dhcp-vl2041-24267.eduroam.cornell.edu#02 E: Called from Dune__exe__Main.get_col_test.(fun) in file "test/main.ml", line 138, characters 4-38
2022-12-08T01:24:59+00:00 dhcp-vl2041-24267.eduroam.cornell.edu#02 E: Called from OUnitRunner.run_one_test.(fun) in file "src/lib/ounit2/advanced/oUnitRunner.ml", line 83, characters 13-26
2022-12-08T01:24:59+00:00 dhcp-vl2041-24267.eduroam.cornell.edu#02 E: 
2022-12-08T01:24:59+00:00 dhcp-vl2041-24267.eduroam.cornell.edu#00 I: 2 tests running: :29:get col7 from tbl9, :27:get col2 from tbl3.
2022-12-08T01:24:59+00:00 dhcp-vl2041-24267.eduroam.cornell.edu#01 I: End test :27:get col2 from tbl3.
2022-12-08T01:24:59+00:00 dhcp-vl2041-24267.eduroam.cornell.edu#02 I: End test :29:get col7 from tbl9.
2022-12-08T01:24:59+00:00 dhcp-vl2041-24267.eduroam.cornell.edu#00 I: 2 tests running: :29:get col7 from tbl9, :27:get col2 from tbl3.
2022-12-08T01:24:59+00:00 dhcp-vl2041-24267.eduroam.cornell.edu#00 I: 2 tests running: :31:initialize empty table in db1, :30:rename col1 with name "".
2022-12-08T01:24:59+00:00 dhcp-vl2041-24267.eduroam.cornell.edu#02 I: Start test :30:rename col1 with name "".
2022-12-08T01:24:59+00:00 dhcp-vl2041-24267.eduroam.cornell.edu#00 I: 2 tests running: :31:initialize empty table in db1, :30:rename col1 with name "".
2022-12-08T01:24:59+00:00 dhcp-vl2041-24267.eduroam.cornell.edu#01 I: Start test :31:initialize empty table in db1.
2022-12-08T01:24:59+00:00 dhcp-vl2041-24267.eduroam.cornell.edu#00 I: 2 tests running: :31:initialize empty table in db1, :30:rename col1 with name "".
2022-12-08T01:24:59+00:00 dhcp-vl2041-24267.eduroam.cornell.edu#02 I: Test :30:rename col1 with name "" is successful.
2022-12-08T01:24:59+00:00 dhcp-vl2041-24267.eduroam.cornell.edu#00 I: 2 tests running: :31:initialize empty table in db1, :30:rename col1 with name "".
2022-12-08T01:24:59+00:00 dhcp-vl2041-24267.eduroam.cornell.edu#02 I: End test :30:rename col1 with name "".
2022-12-08T01:24:59+00:00 dhcp-vl2041-24267.eduroam.cornell.edu#00 I: 2 tests running: :31:initialize empty table in db1, :30:rename col1 with name "".
2022-12-08T01:24:59+00:00 dhcp-vl2041-24267.eduroam.cornell.edu#00 I: 2 tests running: :32:initialize empty table in db1, :31:initialize empty table in db1.
2022-12-08T01:24:59+00:00 dhcp-vl2041-24267.eduroam.cornell.edu#02 I: Start test :32:initialize empty table in db1.
2022-12-08T01:24:59+00:00 dhcp-vl2041-24267.eduroam.cornell.edu#00 I: 2 tests running: :32:initialize empty table in db1, :31:initialize empty table in db1.
2022-12-08T01:24:59+00:00 dhcp-vl2041-24267.eduroam.cornell.edu#01 I: Test :31:initialize empty table in db1 is successful.
2022-12-08T01:24:59+00:00 dhcp-vl2041-24267.eduroam.cornell.edu#00 I: 2 tests running: :32:initialize empty table in db1, :31:initialize empty table in db1.
2022-12-08T01:24:59+00:00 dhcp-vl2041-24267.eduroam.cornell.edu#01 I: End test :31:initialize empty table in db1.
2022-12-08T01:24:59+00:00 dhcp-vl2041-24267.eduroam.cornell.edu#00 I: 2 tests running: :32:initialize empty table in db1, :31:initialize empty table in db1.
2022-12-08T01:24:59+00:00 dhcp-vl2041-24267.eduroam.cornell.edu#00 I: 2 tests running: :33:columns of tbl1 are [], :32:initialize empty table in db1.
2022-12-08T01:24:59+00:00 dhcp-vl2041-24267.eduroam.cornell.edu#01 I: Start test :33:columns of tbl1 are [].
2022-12-08T01:24:59+00:00 dhcp-vl2041-24267.eduroam.cornell.edu#00 I: 2 tests running: :33:columns of tbl1 are [], :32:initialize empty table in db1.
2022-12-08T01:24:59+00:00 dhcp-vl2041-24267.eduroam.cornell.edu#02 I: Test :32:initialize empty table in db1 is successful.
2022-12-08T01:24:59+00:00 dhcp-vl2041-24267.eduroam.cornell.edu#00 I: 2 tests running: :33:columns of tbl1 are [], :32:initialize empty table in db1.
2022-12-08T01:24:59+00:00 dhcp-vl2041-24267.eduroam.cornell.edu#02 I: End test :32:initialize empty table in db1.
2022-12-08T01:24:59+00:00 dhcp-vl2041-24267.eduroam.cornell.edu#00 I: 2 tests running: :33:columns of tbl1 are [], :32:initialize empty table in db1.
2022-12-08T01:24:59+00:00 dhcp-vl2041-24267.eduroam.cornell.edu#00 I: 2 tests running: :34:columns of tbl2 are [col1], :33:columns of tbl1 are [].
2022-12-08T01:24:59+00:00 dhcp-vl2041-24267.eduroam.cornell.edu#02 I: Start test :34:columns of tbl2 are [col1].
2022-12-08T01:24:59+00:00 dhcp-vl2041-24267.eduroam.cornell.edu#00 I: 2 tests running: :34:columns of tbl2 are [col1], :33:columns of tbl1 are [].
2022-12-08T01:24:59+00:00 dhcp-vl2041-24267.eduroam.cornell.edu#01 I: Test :33:columns of tbl1 are [] is successful.
2022-12-08T01:24:59+00:00 dhcp-vl2041-24267.eduroam.cornell.edu#00 I: 2 tests running: :34:columns of tbl2 are [col1], :33:columns of tbl1 are [].
2022-12-08T01:24:59+00:00 dhcp-vl2041-24267.eduroam.cornell.edu#01 I: End test :33:columns of tbl1 are [].
2022-12-08T01:24:59+00:00 dhcp-vl2041-24267.eduroam.cornell.edu#00 I: 2 tests running: :34:columns of tbl2 are [col1], :33:columns of tbl1 are [].
2022-12-08T01:24:59+00:00 dhcp-vl2041-24267.eduroam.cornell.edu#00 I: 2 tests running: :35:columns of tbl3 are [col1; col2], :34:columns of tbl2 are [col1].
2022-12-08T01:24:59+00:00 dhcp-vl2041-24267.eduroam.cornell.edu#01 I: Start test :35:columns of tbl3 are [col1; col2].
2022-12-08T01:24:59+00:00 dhcp-vl2041-24267.eduroam.cornell.edu#00 I: 2 tests running: :35:columns of tbl3 are [col1; col2], :34:columns of tbl2 are [col1].
2022-12-08T01:24:59+00:00 dhcp-vl2041-24267.eduroam.cornell.edu#02 I: Test :34:columns of tbl2 are [col1] is successful.
2022-12-08T01:24:59+00:00 dhcp-vl2041-24267.eduroam.cornell.edu#00 I: 2 tests running: :35:columns of tbl3 are [col1; col2], :34:columns of tbl2 are [col1].
2022-12-08T01:24:59+00:00 dhcp-vl2041-24267.eduroam.cornell.edu#02 I: End test :34:columns of tbl2 are [col1].
2022-12-08T01:24:59+00:00 dhcp-vl2041-24267.eduroam.cornell.edu#00 I: 2 tests running: :35:columns of tbl3 are [col1; col2], :34:columns of tbl2 are [col1].
2022-12-08T01:24:59+00:00 dhcp-vl2041-24267.eduroam.cornell.edu#00 I: 2 tests running: :36:title of tbl1 is "tbl1", :35:columns of tbl3 are [col1; col2].
2022-12-08T01:24:59+00:00 dhcp-vl2041-24267.eduroam.cornell.edu#02 I: Start test :36:title of tbl1 is "tbl1".
2022-12-08T01:24:59+00:00 dhcp-vl2041-24267.eduroam.cornell.edu#00 I: 2 tests running: :36:title of tbl1 is "tbl1", :35:columns of tbl3 are [col1; col2].
2022-12-08T01:24:59+00:00 dhcp-vl2041-24267.eduroam.cornell.edu#01 I: Test :35:columns of tbl3 are [col1; col2] is successful.
2022-12-08T01:24:59+00:00 dhcp-vl2041-24267.eduroam.cornell.edu#00 I: 2 tests running: :36:title of tbl1 is "tbl1", :35:columns of tbl3 are [col1; col2].
2022-12-08T01:24:59+00:00 dhcp-vl2041-24267.eduroam.cornell.edu#01 I: End test :35:columns of tbl3 are [col1; col2].
2022-12-08T01:24:59+00:00 dhcp-vl2041-24267.eduroam.cornell.edu#00 I: 2 tests running: :36:title of tbl1 is "tbl1", :35:columns of tbl3 are [col1; col2].
2022-12-08T01:24:59+00:00 dhcp-vl2041-24267.eduroam.cornell.edu#00 I: 2 tests running: :37:title of tbl8 is "", :36:title of tbl1 is "tbl1".
2022-12-08T01:24:59+00:00 dhcp-vl2041-24267.eduroam.cornell.edu#01 I: Start test :37:title of tbl8 is "".
2022-12-08T01:24:59+00:00 dhcp-vl2041-24267.eduroam.cornell.edu#00 I: 2 tests running: :37:title of tbl8 is "", :36:title of tbl1 is "tbl1".
2022-12-08T01:24:59+00:00 dhcp-vl2041-24267.eduroam.cornell.edu#02 I: Test :36:title of tbl1 is "tbl1" is successful.
2022-12-08T01:24:59+00:00 dhcp-vl2041-24267.eduroam.cornell.edu#00 I: 2 tests running: :37:title of tbl8 is "", :36:title of tbl1 is "tbl1".
2022-12-08T01:24:59+00:00 dhcp-vl2041-24267.eduroam.cornell.edu#02 I: End test :36:title of tbl1 is "tbl1".
2022-12-08T01:24:59+00:00 dhcp-vl2041-24267.eduroam.cornell.edu#00 I: 2 tests running: :37:title of tbl8 is "", :36:title of tbl1 is "tbl1".
2022-12-08T01:24:59+00:00 dhcp-vl2041-24267.eduroam.cornell.edu#00 I: 2 tests running: :38:retitle tbl1 with title "", :37:title of tbl8 is "".
2022-12-08T01:24:59+00:00 dhcp-vl2041-24267.eduroam.cornell.edu#02 I: Start test :38:retitle tbl1 with title "".
2022-12-08T01:24:59+00:00 dhcp-vl2041-24267.eduroam.cornell.edu#00 I: 2 tests running: :38:retitle tbl1 with title "", :37:title of tbl8 is "".
2022-12-08T01:24:59+00:00 dhcp-vl2041-24267.eduroam.cornell.edu#01 I: Test :37:title of tbl8 is "" is successful.
2022-12-08T01:24:59+00:00 dhcp-vl2041-24267.eduroam.cornell.edu#00 I: 2 tests running: :38:retitle tbl1 with title "", :37:title of tbl8 is "".
2022-12-08T01:24:59+00:00 dhcp-vl2041-24267.eduroam.cornell.edu#01 I: End test :37:title of tbl8 is "".
2022-12-08T01:24:59+00:00 dhcp-vl2041-24267.eduroam.cornell.edu#00 I: 2 tests running: :38:retitle tbl1 with title "", :37:title of tbl8 is "".
2022-12-08T01:24:59+00:00 dhcp-vl2041-24267.eduroam.cornell.edu#00 I: 2 tests running: :39:db2 without tbl1 is db1, :38:retitle tbl1 with title "".
2022-12-08T01:24:59+00:00 dhcp-vl2041-24267.eduroam.cornell.edu#01 I: Start test :39:db2 without tbl1 is db1.
2022-12-08T01:24:59+00:00 dhcp-vl2041-24267.eduroam.cornell.edu#00 I: 2 tests running: :39:db2 without tbl1 is db1, :38:retitle tbl1 with title "".
2022-12-08T01:24:59+00:00 dhcp-vl2041-24267.eduroam.cornell.edu#02 I: Test :38:retitle tbl1 with title "" is successful.
2022-12-08T01:24:59+00:00 dhcp-vl2041-24267.eduroam.cornell.edu#00 I: 2 tests running: :39:db2 without tbl1 is db1, :38:retitle tbl1 with title "".
2022-12-08T01:24:59+00:00 dhcp-vl2041-24267.eduroam.cornell.edu#02 I: End test :38:retitle tbl1 with title "".
2022-12-08T01:24:59+00:00 dhcp-vl2041-24267.eduroam.cornell.edu#00 I: 2 tests running: :39:db2 without tbl1 is db1, :38:retitle tbl1 with title "".
2022-12-08T01:24:59+00:00 dhcp-vl2041-24267.eduroam.cornell.edu#00 I: 2 tests running: :40:db3 without tbl2 is db2, :39:db2 without tbl1 is db1.
2022-12-08T01:24:59+00:00 dhcp-vl2041-24267.eduroam.cornell.edu#02 I: Start test :40:db3 without tbl2 is db2.
2022-12-08T01:24:59+00:00 dhcp-vl2041-24267.eduroam.cornell.edu#00 I: 2 tests running: :40:db3 without tbl2 is db2, :39:db2 without tbl1 is db1.
2022-12-08T01:24:59+00:00 dhcp-vl2041-24267.eduroam.cornell.edu#01 I: Test :39:db2 without tbl1 is db1 is successful.
2022-12-08T01:24:59+00:00 dhcp-vl2041-24267.eduroam.cornell.edu#00 I: 2 tests running: :40:db3 without tbl2 is db2, :39:db2 without tbl1 is db1.
2022-12-08T01:24:59+00:00 dhcp-vl2041-24267.eduroam.cornell.edu#01 I: End test :39:db2 without tbl1 is db1.
2022-12-08T01:24:59+00:00 dhcp-vl2041-24267.eduroam.cornell.edu#00 I: 2 tests running: :40:db3 without tbl2 is db2, :39:db2 without tbl1 is db1.
2022-12-08T01:24:59+00:00 dhcp-vl2041-24267.eduroam.cornell.edu#00 I: 2 tests running: :41:tbl1 in db2 has 0 columns, :40:db3 without tbl2 is db2.
2022-12-08T01:24:59+00:00 dhcp-vl2041-24267.eduroam.cornell.edu#01 I: Start test :41:tbl1 in db2 has 0 columns.
2022-12-08T01:24:59+00:00 dhcp-vl2041-24267.eduroam.cornell.edu#00 I: 2 tests running: :41:tbl1 in db2 has 0 columns, :40:db3 without tbl2 is db2.
2022-12-08T01:24:59+00:00 dhcp-vl2041-24267.eduroam.cornell.edu#02 I: Test :40:db3 without tbl2 is db2 is successful.
2022-12-08T01:24:59+00:00 dhcp-vl2041-24267.eduroam.cornell.edu#00 I: 2 tests running: :41:tbl1 in db2 has 0 columns, :40:db3 without tbl2 is db2.
2022-12-08T01:24:59+00:00 dhcp-vl2041-24267.eduroam.cornell.edu#02 I: End test :40:db3 without tbl2 is db2.
2022-12-08T01:24:59+00:00 dhcp-vl2041-24267.eduroam.cornell.edu#00 I: 2 tests running: :41:tbl1 in db2 has 0 columns, :40:db3 without tbl2 is db2.
2022-12-08T01:24:59+00:00 dhcp-vl2041-24267.eduroam.cornell.edu#00 I: 2 tests running: :42:tbl2 in db3 has 1 column, :41:tbl1 in db2 has 0 columns.
2022-12-08T01:24:59+00:00 dhcp-vl2041-24267.eduroam.cornell.edu#02 I: Start test :42:tbl2 in db3 has 1 column.
2022-12-08T01:24:59+00:00 dhcp-vl2041-24267.eduroam.cornell.edu#00 I: 2 tests running: :42:tbl2 in db3 has 1 column, :41:tbl1 in db2 has 0 columns.
2022-12-08T01:24:59+00:00 dhcp-vl2041-24267.eduroam.cornell.edu#01 I: Test :41:tbl1 in db2 has 0 columns is successful.
2022-12-08T01:24:59+00:00 dhcp-vl2041-24267.eduroam.cornell.edu#00 I: 2 tests running: :42:tbl2 in db3 has 1 column, :41:tbl1 in db2 has 0 columns.
2022-12-08T01:24:59+00:00 dhcp-vl2041-24267.eduroam.cornell.edu#01 I: End test :41:tbl1 in db2 has 0 columns.
2022-12-08T01:24:59+00:00 dhcp-vl2041-24267.eduroam.cornell.edu#00 I: 2 tests running: :42:tbl2 in db3 has 1 column, :41:tbl1 in db2 has 0 columns.
2022-12-08T01:24:59+00:00 dhcp-vl2041-24267.eduroam.cornell.edu#00 I: Still 2 tests running : :43:tbl3 in db5 has 2 columns, :42:tbl2 in db3 has 1 column.
2022-12-08T01:24:59+00:00 dhcp-vl2041-24267.eduroam.cornell.edu#00 I: 2 tests running: :43:tbl3 in db5 has 2 columns, :42:tbl2 in db3 has 1 column.
2022-12-08T01:24:59+00:00 dhcp-vl2041-24267.eduroam.cornell.edu#01 I: Start test :43:tbl3 in db5 has 2 columns.
2022-12-08T01:24:59+00:00 dhcp-vl2041-24267.eduroam.cornell.edu#00 I: Still 2 tests running : :43:tbl3 in db5 has 2 columns, :42:tbl2 in db3 has 1 column.
2022-12-08T01:24:59+00:00 dhcp-vl2041-24267.eduroam.cornell.edu#00 I: 2 tests running: :43:tbl3 in db5 has 2 columns, :42:tbl2 in db3 has 1 column.
2022-12-08T01:24:59+00:00 dhcp-vl2041-24267.eduroam.cornell.edu#02 I: Test :42:tbl2 in db3 has 1 column is successful.
2022-12-08T01:24:59+00:00 dhcp-vl2041-24267.eduroam.cornell.edu#00 I: Still 2 tests running : :43:tbl3 in db5 has 2 columns, :42:tbl2 in db3 has 1 column.
2022-12-08T01:24:59+00:00 dhcp-vl2041-24267.eduroam.cornell.edu#00 I: 2 tests running: :43:tbl3 in db5 has 2 columns, :42:tbl2 in db3 has 1 column.
2022-12-08T01:24:59+00:00 dhcp-vl2041-24267.eduroam.cornell.edu#02 I: End test :42:tbl2 in db3 has 1 column.
2022-12-08T01:24:59+00:00 dhcp-vl2041-24267.eduroam.cornell.edu#00 I: Still 2 tests running : :43:tbl3 in db5 has 2 columns, :42:tbl2 in db3 has 1 column.
2022-12-08T01:24:59+00:00 dhcp-vl2041-24267.eduroam.cornell.edu#00 I: 2 tests running: :43:tbl3 in db5 has 2 columns, :42:tbl2 in db3 has 1 column.
2022-12-08T01:24:59+00:00 dhcp-vl2041-24267.eduroam.cornell.edu#01 I: Test :43:tbl3 in db5 has 2 columns is successful.
2022-12-08T01:24:59+00:00 dhcp-vl2041-24267.eduroam.cornell.edu#00 I: Still 1 tests running : :43:tbl3 in db5 has 2 columns.
2022-12-08T01:24:59+00:00 dhcp-vl2041-24267.eduroam.cornell.edu#00 I: 1 tests running: :43:tbl3 in db5 has 2 columns.
2022-12-08T01:24:59+00:00 dhcp-vl2041-24267.eduroam.cornell.edu#01 I: End test :43:tbl3 in db5 has 2 columns.
2022-12-08T01:24:59+00:00 dhcp-vl2041-24267.eduroam.cornell.edu#00 I: Still 1 tests running : :43:tbl3 in db5 has 2 columns.
2022-12-08T01:24:59+00:00 dhcp-vl2041-24267.eduroam.cornell.edu#00 I: 1 tests running: :43:tbl3 in db5 has 2 columns.
2022-12-08T01:24:59+00:00 dhcp-vl2041-24267.eduroam.cornell.edu#00 I: 0 tests running: .
2022-12-08T01:24:59+00:00 dhcp-vl2041-24267.eduroam.cornell.edu#00 I: Worker dhcp-vl2041-24267.eduroam.cornell.edu#02 has ended.
2022-12-08T01:24:59+00:00 dhcp-vl2041-24267.eduroam.cornell.edu#00 I: Worker dhcp-vl2041-24267.eduroam.cornell.edu#01 died unexpectedly.
2022-12-08T01:24:59+00:00 dhcp-vl2041-24267.eduroam.cornell.edu#00 I: Used 2 worker during test execution.
2022-12-08T01:24:59+00:00 dhcp-vl2041-24267.eduroam.cornell.edu#00 I: Run 22 tests with shard dhcp-vl2041-24267.eduroam.cornell.edu#02.
2022-12-08T01:24:59+00:00 dhcp-vl2041-24267.eduroam.cornell.edu#00 I: Run 22 tests with shard dhcp-vl2041-24267.eduroam.cornell.edu#01.
2022-12-08T01:24:59+00:00 dhcp-vl2041-24267.eduroam.cornell.edu#00 I: Check health of shard dhcp-vl2041-24267.eduroam.cornell.edu#02, 3 times.
2022-12-08T01:24:59+00:00 dhcp-vl2041-24267.eduroam.cornell.edu#00 I: Check health of shard dhcp-vl2041-24267.eduroam.cornell.edu#01, 2 times.
2022-12-08T01:24:59+00:00 dhcp-vl2041-24267.eduroam.cornell.edu#00 I: ==============
2022-12-08T01:24:59+00:00 dhcp-vl2041-24267.eduroam.cornell.edu#00 I: Summary:
2022-12-08T01:24:59+00:00 dhcp-vl2041-24267.eduroam.cornell.edu#00 I: Test :43:tbl3 in db5 has 2 columns is successful.
2022-12-08T01:24:59+00:00 dhcp-vl2041-24267.eduroam.cornell.edu#00 I: Test :42:tbl2 in db3 has 1 column is successful.
2022-12-08T01:24:59+00:00 dhcp-vl2041-24267.eduroam.cornell.edu#00 I: Test :41:tbl1 in db2 has 0 columns is successful.
2022-12-08T01:24:59+00:00 dhcp-vl2041-24267.eduroam.cornell.edu#00 I: Test :40:db3 without tbl2 is db2 is successful.
2022-12-08T01:24:59+00:00 dhcp-vl2041-24267.eduroam.cornell.edu#00 I: Test :39:db2 without tbl1 is db1 is successful.
2022-12-08T01:24:59+00:00 dhcp-vl2041-24267.eduroam.cornell.edu#00 I: Test :38:retitle tbl1 with title "" is successful.
2022-12-08T01:24:59+00:00 dhcp-vl2041-24267.eduroam.cornell.edu#00 I: Test :37:title of tbl8 is "" is successful.
2022-12-08T01:24:59+00:00 dhcp-vl2041-24267.eduroam.cornell.edu#00 I: Test :36:title of tbl1 is "tbl1" is successful.
2022-12-08T01:24:59+00:00 dhcp-vl2041-24267.eduroam.cornell.edu#00 I: Test :35:columns of tbl3 are [col1; col2] is successful.
2022-12-08T01:24:59+00:00 dhcp-vl2041-24267.eduroam.cornell.edu#00 I: Test :34:columns of tbl2 are [col1] is successful.
2022-12-08T01:24:59+00:00 dhcp-vl2041-24267.eduroam.cornell.edu#00 I: Test :33:columns of tbl1 are [] is successful.
2022-12-08T01:24:59+00:00 dhcp-vl2041-24267.eduroam.cornell.edu#00 I: Test :32:initialize empty table in db1 is successful.
2022-12-08T01:24:59+00:00 dhcp-vl2041-24267.eduroam.cornell.edu#00 I: Test :31:initialize empty table in db1 is successful.
2022-12-08T01:24:59+00:00 dhcp-vl2041-24267.eduroam.cornell.edu#00 I: Test :30:rename col1 with name "" is successful.
2022-12-08T01:24:59+00:00 dhcp-vl2041-24267.eduroam.cornell.edu#00 E: Test :29:get col7 from tbl9 exited with an error.
2022-12-08T01:24:59+00:00 dhcp-vl2041-24267.eduroam.cornell.edu#00 E: Not_found in test :29:get col7 from tbl9.
2022-12-08T01:24:59+00:00 dhcp-vl2041-24267.eduroam.cornell.edu#00 E: Raised at Stdlib__List.find in file "list.ml", line 224, characters 10-25
2022-12-08T01:24:59+00:00 dhcp-vl2041-24267.eduroam.cornell.edu#00 E: Called from Dune__exe__Main.get_col_test.(fun) in file "test/main.ml", line 138, characters 4-38
2022-12-08T01:24:59+00:00 dhcp-vl2041-24267.eduroam.cornell.edu#00 E: Called from OUnitRunner.run_one_test.(fun) in file "src/lib/ounit2/advanced/oUnitRunner.ml", line 83, characters 13-26
2022-12-08T01:24:59+00:00 dhcp-vl2041-24267.eduroam.cornell.edu#00 E: 
2022-12-08T01:24:59+00:00 dhcp-vl2041-24267.eduroam.cornell.edu#00 I: Test :27:get col2 from tbl3 is successful.
2022-12-08T01:24:59+00:00 dhcp-vl2041-24267.eduroam.cornell.edu#00 E: Test :28:get col8 from tbl9 exited with an error.
2022-12-08T01:24:59+00:00 dhcp-vl2041-24267.eduroam.cornell.edu#00 E: Not_found in test :28:get col8 from tbl9.
2022-12-08T01:24:59+00:00 dhcp-vl2041-24267.eduroam.cornell.edu#00 E: Raised at Stdlib__List.find in file "list.ml", line 224, characters 10-25
2022-12-08T01:24:59+00:00 dhcp-vl2041-24267.eduroam.cornell.edu#00 E: Called from Dune__exe__Main.get_col_test.(fun) in file "test/main.ml", line 138, characters 4-38
2022-12-08T01:24:59+00:00 dhcp-vl2041-24267.eduroam.cornell.edu#00 E: Called from OUnitRunner.run_one_test.(fun) in file "src/lib/ounit2/advanced/oUnitRunner.ml", line 83, characters 13-26
2022-12-08T01:24:59+00:00 dhcp-vl2041-24267.eduroam.cornell.edu#00 E: 
2022-12-08T01:24:59+00:00 dhcp-vl2041-24267.eduroam.cornell.edu#00 I: Test :26:get col1 from tbl3 is successful.
2022-12-08T01:24:59+00:00 dhcp-vl2041-24267.eduroam.cornell.edu#00 I: Test :25:get col1 from tbl2 is successful.
2022-12-08T01:24:59+00:00 dhcp-vl2041-24267.eduroam.cornell.edu#00 I: Test :23:get col1 from tbl2 is successful.
2022-12-08T01:24:59+00:00 dhcp-vl2041-24267.eduroam.cornell.edu#00 E: Test :24:get col8 from tbl8 exited with an error.
2022-12-08T01:24:59+00:00 dhcp-vl2041-24267.eduroam.cornell.edu#00 E: Not_found in test :24:get col8 from tbl8.
2022-12-08T01:24:59+00:00 dhcp-vl2041-24267.eduroam.cornell.edu#00 E: Raised at Stdlib__List.find in file "list.ml", line 224, characters 10-25
2022-12-08T01:24:59+00:00 dhcp-vl2041-24267.eduroam.cornell.edu#00 E: Called from Dune__exe__Main.get_col_test.(fun) in file "test/main.ml", line 138, characters 4-38
2022-12-08T01:24:59+00:00 dhcp-vl2041-24267.eduroam.cornell.edu#00 E: Called from OUnitRunner.run_one_test.(fun) in file "src/lib/ounit2/advanced/oUnitRunner.ml", line 83, characters 13-26
2022-12-08T01:24:59+00:00 dhcp-vl2041-24267.eduroam.cornell.edu#00 E: 
2022-12-08T01:24:59+00:00 dhcp-vl2041-24267.eduroam.cornell.edu#00 I: Test :22:name of col7 is "" is successful.
2022-12-08T01:24:59+00:00 dhcp-vl2041-24267.eduroam.cornell.edu#00 I: Test :20:insert empty row to empty table is successful.
2022-12-08T01:24:59+00:00 dhcp-vl2041-24267.eduroam.cornell.edu#00 I: Test :21:name of col1 is "col1" is successful.
2022-12-08T01:24:59+00:00 dhcp-vl2041-24267.eduroam.cornell.edu#00 I: Test :19:String Value Type is successful.
2022-12-08T01:24:59+00:00 dhcp-vl2041-24267.eduroam.cornell.edu#00 I: Test :18:String Value Type is successful.
2022-12-08T01:24:59+00:00 dhcp-vl2041-24267.eduroam.cornell.edu#00 I: Test :17:Int Value Type is successful.
2022-12-08T01:24:59+00:00 dhcp-vl2041-24267.eduroam.cornell.edu#00 I: Test :16:Int Value Type is successful.
2022-12-08T01:24:59+00:00 dhcp-vl2041-24267.eduroam.cornell.edu#00 I: Test :15:String Column Type is successful.
2022-12-08T01:24:59+00:00 dhcp-vl2041-24267.eduroam.cornell.edu#00 I: Test :14:String Column Type is successful.
2022-12-08T01:24:59+00:00 dhcp-vl2041-24267.eduroam.cornell.edu#00 I: Test :13:Int Column Type is successful.
2022-12-08T01:24:59+00:00 dhcp-vl2041-24267.eduroam.cornell.edu#00 I: Test :12:Int Column Type is successful.
2022-12-08T01:24:59+00:00 dhcp-vl2041-24267.eduroam.cornell.edu#00 I: Test :11:destringify db.json is successful.
2022-12-08T01:24:59+00:00 dhcp-vl2041-24267.eduroam.cornell.edu#00 I: Test :10:destringify db.json is successful.
2022-12-08T01:24:59+00:00 dhcp-vl2041-24267.eduroam.cornell.edu#00 I: Test :9:destringify db1.json is successful.
2022-12-08T01:24:59+00:00 dhcp-vl2041-24267.eduroam.cornell.edu#00 I: Test :8:sample database with two tables is successful.
2022-12-08T01:24:59+00:00 dhcp-vl2041-24267.eduroam.cornell.edu#00 I: Test :7:sample database with one table is successful.
2022-12-08T01:24:59+00:00 dhcp-vl2041-24267.eduroam.cornell.edu#00 I: Test :6:sample database with no tables is successful.
2022-12-08T01:24:59+00:00 dhcp-vl2041-24267.eduroam.cornell.edu#00 I: Test :5:sample table with two columns is successful.
2022-12-08T01:24:59+00:00 dhcp-vl2041-24267.eduroam.cornell.edu#00 I: Test :4:sample table with one column is successful.
2022-12-08T01:24:59+00:00 dhcp-vl2041-24267.eduroam.cornell.edu#00 I: Test :3:sample table with no columns is successful.
2022-12-08T01:24:59+00:00 dhcp-vl2041-24267.eduroam.cornell.edu#00 I: Test :2:sample col with two values is successful.
2022-12-08T01:24:59+00:00 dhcp-vl2041-24267.eduroam.cornell.edu#00 I: Test :1:sample col with one value is successful.
2022-12-08T01:24:59+00:00 dhcp-vl2041-24267.eduroam.cornell.edu#00 I: Test :0:sample col with no values is successful.
2022-12-08T01:24:59+00:00 dhcp-vl2041-24267.eduroam.cornell.edu#00 I: Ran: 44 tests in: 0.12 seconds.
2022-12-08T01:24:59+00:00 dhcp-vl2041-24267.eduroam.cornell.edu#00 I: Cases: 44.
2022-12-08T01:24:59+00:00 dhcp-vl2041-24267.eduroam.cornell.edu#00 I: Tried: 44.
2022-12-08T01:24:59+00:00 dhcp-vl2041-24267.eduroam.cornell.edu#00 I: Errors: 3.
2022-12-08T01:24:59+00:00 dhcp-vl2041-24267.eduroam.cornell.edu#00 I: Failures: 0.
2022-12-08T01:24:59+00:00 dhcp-vl2041-24267.eduroam.cornell.edu#00 I: Skip: 0.
2022-12-08T01:24:59+00:00 dhcp-vl2041-24267.eduroam.cornell.edu#00 I: Todo: 0.
2022-12-08T01:24:59+00:00 dhcp-vl2041-24267.eduroam.cornell.edu#00 I: Timeout: 0.
