2022-12-08T05:16:03+00:00 dhcp-vl2041-33549.eduroam.cornell.edu#02 I: Start test :1:sample col with one value.
2022-12-08T05:16:03+00:00 dhcp-vl2041-33549.eduroam.cornell.edu#02 I: Test :1:sample col with one value is successful.
2022-12-08T05:16:03+00:00 dhcp-vl2041-33549.eduroam.cornell.edu#02 I: End test :1:sample col with one value.
2022-12-08T05:16:03+00:00 dhcp-vl2041-33549.eduroam.cornell.edu#02 I: Start test :6:sample database with no tables.
2022-12-08T05:16:03+00:00 dhcp-vl2041-33549.eduroam.cornell.edu#02 I: Test :6:sample database with no tables is successful.
2022-12-08T05:16:03+00:00 dhcp-vl2041-33549.eduroam.cornell.edu#02 I: End test :6:sample database with no tables.
2022-12-08T05:16:03+00:00 dhcp-vl2041-33549.eduroam.cornell.edu#02 I: Start test :9:destringify db1.json.
2022-12-08T05:16:03+00:00 dhcp-vl2041-33549.eduroam.cornell.edu#02 I: Test :9:destringify db1.json is successful.
2022-12-08T05:16:03+00:00 dhcp-vl2041-33549.eduroam.cornell.edu#02 I: End test :9:destringify db1.json.
2022-12-08T05:16:03+00:00 dhcp-vl2041-33549.eduroam.cornell.edu#02 I: Start test :11:destringify db3.json.
2022-12-08T05:16:03+00:00 dhcp-vl2041-33549.eduroam.cornell.edu#02 I: Test :11:destringify db3.json is successful.
2022-12-08T05:16:03+00:00 dhcp-vl2041-33549.eduroam.cornell.edu#02 I: End test :11:destringify db3.json.
2022-12-08T05:16:03+00:00 dhcp-vl2041-33549.eduroam.cornell.edu#02 I: Start test :13:HELP is HELP.
2022-12-08T05:16:03+00:00 dhcp-vl2041-33549.eduroam.cornell.edu#02 I: Test :13:HELP is HELP is successful.
2022-12-08T05:16:03+00:00 dhcp-vl2041-33549.eduroam.cornell.edu#02 I: End test :13:HELP is HELP.
2022-12-08T05:16:03+00:00 dhcp-vl2041-33549.eduroam.cornell.edu#02 I: Start test :15:Int Column Type.
2022-12-08T05:16:03+00:00 dhcp-vl2041-33549.eduroam.cornell.edu#02 I: Test :15:Int Column Type is successful.
2022-12-08T05:16:03+00:00 dhcp-vl2041-33549.eduroam.cornell.edu#02 I: End test :15:Int Column Type.
2022-12-08T05:16:03+00:00 dhcp-vl2041-33549.eduroam.cornell.edu#02 I: Start test :17:String Column Type.
2022-12-08T05:16:03+00:00 dhcp-vl2041-33549.eduroam.cornell.edu#02 I: Test :17:String Column Type is successful.
2022-12-08T05:16:03+00:00 dhcp-vl2041-33549.eduroam.cornell.edu#02 I: End test :17:String Column Type.
2022-12-08T05:16:03+00:00 dhcp-vl2041-33549.eduroam.cornell.edu#02 I: Start test :18:Int Value Type.
2022-12-08T05:16:03+00:00 dhcp-vl2041-33549.eduroam.cornell.edu#02 I: Test :18:Int Value Type is successful.
2022-12-08T05:16:03+00:00 dhcp-vl2041-33549.eduroam.cornell.edu#02 I: End test :18:Int Value Type.
2022-12-08T05:16:03+00:00 dhcp-vl2041-33549.eduroam.cornell.edu#02 I: Start test :20:String Value Type.
2022-12-08T05:16:03+00:00 dhcp-vl2041-33549.eduroam.cornell.edu#02 I: Test :20:String Value Type is successful.
2022-12-08T05:16:03+00:00 dhcp-vl2041-33549.eduroam.cornell.edu#02 I: End test :20:String Value Type.
2022-12-08T05:16:03+00:00 dhcp-vl2041-33549.eduroam.cornell.edu#02 I: Start test :22:Float Value Type.
2022-12-08T05:16:03+00:00 dhcp-vl2041-33549.eduroam.cornell.edu#02 I: Test :22:Float Value Type is successful.
2022-12-08T05:16:03+00:00 dhcp-vl2041-33549.eduroam.cornell.edu#02 I: End test :22:Float Value Type.
2022-12-08T05:16:03+00:00 dhcp-vl2041-33549.eduroam.cornell.edu#02 I: Start test :24:insert empty row to empty table.
2022-12-08T05:16:03+00:00 dhcp-vl2041-33549.eduroam.cornell.edu#02 I: Test :24:insert empty row to empty table is successful.
2022-12-08T05:16:03+00:00 dhcp-vl2041-33549.eduroam.cornell.edu#02 I: End test :24:insert empty row to empty table.
2022-12-08T05:16:03+00:00 dhcp-vl2041-33549.eduroam.cornell.edu#02 I: Start test :27:get col1 from tbl2.
2022-12-08T05:16:03+00:00 dhcp-vl2041-33549.eduroam.cornell.edu#02 I: Test :27:get col1 from tbl2 is successful.
2022-12-08T05:16:03+00:00 dhcp-vl2041-33549.eduroam.cornell.edu#02 I: End test :27:get col1 from tbl2.
2022-12-08T05:16:03+00:00 dhcp-vl2041-33549.eduroam.cornell.edu#02 I: Start test :28:get col1 from tbl2.
2022-12-08T05:16:03+00:00 dhcp-vl2041-33549.eduroam.cornell.edu#02 I: Test :28:get col1 from tbl2 is successful.
2022-12-08T05:16:03+00:00 dhcp-vl2041-33549.eduroam.cornell.edu#02 I: End test :28:get col1 from tbl2.
2022-12-08T05:16:03+00:00 dhcp-vl2041-33549.eduroam.cornell.edu#02 I: Start test :30:get col2 from tbl3.
2022-12-08T05:16:03+00:00 dhcp-vl2041-33549.eduroam.cornell.edu#02 I: Test :30:get col2 from tbl3 is successful.
2022-12-08T05:16:03+00:00 dhcp-vl2041-33549.eduroam.cornell.edu#02 I: End test :30:get col2 from tbl3.
2022-12-08T05:16:03+00:00 dhcp-vl2041-33549.eduroam.cornell.edu#02 I: Start test :32:rename col1 with name "".
2022-12-08T05:16:03+00:00 dhcp-vl2041-33549.eduroam.cornell.edu#02 I: Test :32:rename col1 with name "" is successful.
2022-12-08T05:16:03+00:00 dhcp-vl2041-33549.eduroam.cornell.edu#02 I: End test :32:rename col1 with name "".
2022-12-08T05:16:03+00:00 dhcp-vl2041-33549.eduroam.cornell.edu#02 I: Start test :34:initialize empty table in db1.
2022-12-08T05:16:03+00:00 dhcp-vl2041-33549.eduroam.cornell.edu#02 I: Test :34:initialize empty table in db1 is successful.
2022-12-08T05:16:03+00:00 dhcp-vl2041-33549.eduroam.cornell.edu#02 I: End test :34:initialize empty table in db1.
2022-12-08T05:16:03+00:00 dhcp-vl2041-33549.eduroam.cornell.edu#02 I: Start test :36:columns of tbl2 are [col1].
2022-12-08T05:16:03+00:00 dhcp-vl2041-33549.eduroam.cornell.edu#02 I: Test :36:columns of tbl2 are [col1] is successful.
2022-12-08T05:16:03+00:00 dhcp-vl2041-33549.eduroam.cornell.edu#02 I: End test :36:columns of tbl2 are [col1].
2022-12-08T05:16:03+00:00 dhcp-vl2041-33549.eduroam.cornell.edu#02 I: Start test :38:title of tbl1 is "tbl1".
2022-12-08T05:16:03+00:00 dhcp-vl2041-33549.eduroam.cornell.edu#02 I: Test :38:title of tbl1 is "tbl1" is successful.
2022-12-08T05:16:03+00:00 dhcp-vl2041-33549.eduroam.cornell.edu#02 I: End test :38:title of tbl1 is "tbl1".
2022-12-08T05:16:03+00:00 dhcp-vl2041-33549.eduroam.cornell.edu#02 I: Start test :40:retitle tbl1 with title "".
2022-12-08T05:16:03+00:00 dhcp-vl2041-33549.eduroam.cornell.edu#02 I: Test :40:retitle tbl1 with title "" is successful.
2022-12-08T05:16:03+00:00 dhcp-vl2041-33549.eduroam.cornell.edu#02 I: End test :40:retitle tbl1 with title "".
2022-12-08T05:16:03+00:00 dhcp-vl2041-33549.eduroam.cornell.edu#02 I: Start test :42:db3 without tbl2 is db2.
2022-12-08T05:16:03+00:00 dhcp-vl2041-33549.eduroam.cornell.edu#02 I: Test :42:db3 without tbl2 is db2 is successful.
2022-12-08T05:16:03+00:00 dhcp-vl2041-33549.eduroam.cornell.edu#02 I: End test :42:db3 without tbl2 is db2.
2022-12-08T05:16:03+00:00 dhcp-vl2041-33549.eduroam.cornell.edu#02 I: Start test :45:tbl3 in db5 has 2 columns.
2022-12-08T05:16:03+00:00 dhcp-vl2041-33549.eduroam.cornell.edu#02 I: Test :45:tbl3 in db5 has 2 columns is successful.
2022-12-08T05:16:03+00:00 dhcp-vl2041-33549.eduroam.cornell.edu#02 I: End test :45:tbl3 in db5 has 2 columns.
2022-12-08T05:16:03+00:00 dhcp-vl2041-33549.eduroam.cornell.edu#02 I: Start test :47:test table_exist for existing table.
2022-12-08T05:16:03+00:00 dhcp-vl2041-33549.eduroam.cornell.edu#02 I: Test :47:test table_exist for existing table is successful.
2022-12-08T05:16:03+00:00 dhcp-vl2041-33549.eduroam.cornell.edu#02 I: End test :47:test table_exist for existing table.
2022-12-08T05:16:03+00:00 dhcp-vl2041-33549.eduroam.cornell.edu#02 I: Start test :49:HELP is HELP.
2022-12-08T05:16:03+00:00 dhcp-vl2041-33549.eduroam.cornell.edu#02 I: Test :49:HELP is HELP is successful.
2022-12-08T05:16:03+00:00 dhcp-vl2041-33549.eduroam.cornell.edu#02 I: End test :49:HELP is HELP.
