2022-12-11T02:05:32+00:00 dhcp-vl2041-31392.eduroam.cornell.edu#01 I: Start test :0:sample col with no values.
2022-12-11T02:05:32+00:00 dhcp-vl2041-31392.eduroam.cornell.edu#01 I: Test :0:sample col with no values is successful.
2022-12-11T02:05:32+00:00 dhcp-vl2041-31392.eduroam.cornell.edu#01 I: End test :0:sample col with no values.
2022-12-11T02:05:32+00:00 dhcp-vl2041-31392.eduroam.cornell.edu#01 I: Start test :2:sample col with two values.
2022-12-11T02:05:32+00:00 dhcp-vl2041-31392.eduroam.cornell.edu#01 I: Test :2:sample col with two values is successful.
2022-12-11T02:05:32+00:00 dhcp-vl2041-31392.eduroam.cornell.edu#01 I: End test :2:sample col with two values.
2022-12-11T02:05:32+00:00 dhcp-vl2041-31392.eduroam.cornell.edu#01 I: Start test :4:sample table with one column.
2022-12-11T02:05:32+00:00 dhcp-vl2041-31392.eduroam.cornell.edu#01 I: Test :4:sample table with one column is successful.
2022-12-11T02:05:32+00:00 dhcp-vl2041-31392.eduroam.cornell.edu#01 I: End test :4:sample table with one column.
2022-12-11T02:05:32+00:00 dhcp-vl2041-31392.eduroam.cornell.edu#01 I: Start test :6:sample database with no tables.
2022-12-11T02:05:32+00:00 dhcp-vl2041-31392.eduroam.cornell.edu#01 I: Test :6:sample database with no tables is successful.
2022-12-11T02:05:32+00:00 dhcp-vl2041-31392.eduroam.cornell.edu#01 I: End test :6:sample database with no tables.
2022-12-11T02:05:32+00:00 dhcp-vl2041-31392.eduroam.cornell.edu#01 I: Start test :8:sample database with two tables.
2022-12-11T02:05:32+00:00 dhcp-vl2041-31392.eduroam.cornell.edu#01 I: Test :8:sample database with two tables is successful.
2022-12-11T02:05:32+00:00 dhcp-vl2041-31392.eduroam.cornell.edu#01 I: End test :8:sample database with two tables.
2022-12-11T02:05:32+00:00 dhcp-vl2041-31392.eduroam.cornell.edu#01 I: Start test :9:destringify db1.json.
2022-12-11T02:05:32+00:00 dhcp-vl2041-31392.eduroam.cornell.edu#01 I: Test :9:destringify db1.json is successful.
2022-12-11T02:05:32+00:00 dhcp-vl2041-31392.eduroam.cornell.edu#01 I: End test :9:destringify db1.json.
2022-12-11T02:05:32+00:00 dhcp-vl2041-31392.eduroam.cornell.edu#01 I: Start test :11:destringify db3.json.
2022-12-11T02:05:32+00:00 dhcp-vl2041-31392.eduroam.cornell.edu#01 I: Test :11:destringify db3.json is successful.
2022-12-11T02:05:32+00:00 dhcp-vl2041-31392.eduroam.cornell.edu#01 I: End test :11:destringify db3.json.
2022-12-11T02:05:32+00:00 dhcp-vl2041-31392.eduroam.cornell.edu#01 I: Start test :14:Int Column Type.
2022-12-11T02:05:32+00:00 dhcp-vl2041-31392.eduroam.cornell.edu#01 I: Test :14:Int Column Type is successful.
2022-12-11T02:05:32+00:00 dhcp-vl2041-31392.eduroam.cornell.edu#01 I: End test :14:Int Column Type.
2022-12-11T02:05:32+00:00 dhcp-vl2041-31392.eduroam.cornell.edu#01 I: Start test :16:String Column Type.
2022-12-11T02:05:32+00:00 dhcp-vl2041-31392.eduroam.cornell.edu#01 I: Test :16:String Column Type is successful.
2022-12-11T02:05:32+00:00 dhcp-vl2041-31392.eduroam.cornell.edu#01 I: End test :16:String Column Type.
2022-12-11T02:05:32+00:00 dhcp-vl2041-31392.eduroam.cornell.edu#01 I: Start test :18:String type test.
2022-12-11T02:05:32+00:00 dhcp-vl2041-31392.eduroam.cornell.edu#01 I: Test :18:String type test is successful.
2022-12-11T02:05:32+00:00 dhcp-vl2041-31392.eduroam.cornell.edu#01 I: End test :18:String type test.
2022-12-11T02:05:32+00:00 dhcp-vl2041-31392.eduroam.cornell.edu#01 I: Start test :20:Int Value Type for int.
2022-12-11T02:05:32+00:00 dhcp-vl2041-31392.eduroam.cornell.edu#01 I: Test :20:Int Value Type for int is successful.
2022-12-11T02:05:32+00:00 dhcp-vl2041-31392.eduroam.cornell.edu#01 I: End test :20:Int Value Type for int.
2022-12-11T02:05:32+00:00 dhcp-vl2041-31392.eduroam.cornell.edu#01 I: Start test :22:String Value Type for string.
2022-12-11T02:05:32+00:00 dhcp-vl2041-31392.eduroam.cornell.edu#01 I: Test :22:String Value Type for string is successful.
2022-12-11T02:05:32+00:00 dhcp-vl2041-31392.eduroam.cornell.edu#01 I: End test :22:String Value Type for string.
2022-12-11T02:05:32+00:00 dhcp-vl2041-31392.eduroam.cornell.edu#01 I: Start test :24:String Value type for float.
2022-12-11T02:05:32+00:00 dhcp-vl2041-31392.eduroam.cornell.edu#01 I: Test :24:String Value type for float is successful.
2022-12-11T02:05:32+00:00 dhcp-vl2041-31392.eduroam.cornell.edu#01 I: End test :24:String Value type for float.
2022-12-11T02:05:32+00:00 dhcp-vl2041-31392.eduroam.cornell.edu#01 I: Start test :26:String Value for null.
2022-12-11T02:05:32+00:00 dhcp-vl2041-31392.eduroam.cornell.edu#01 I: Test :26:String Value for null is successful.
2022-12-11T02:05:32+00:00 dhcp-vl2041-31392.eduroam.cornell.edu#01 I: End test :26:String Value for null.
2022-12-11T02:05:32+00:00 dhcp-vl2041-31392.eduroam.cornell.edu#01 I: Start test :28:Create string value.
2022-12-11T02:05:32+00:00 dhcp-vl2041-31392.eduroam.cornell.edu#01 I: Test :28:Create string value is successful.
2022-12-11T02:05:32+00:00 dhcp-vl2041-31392.eduroam.cornell.edu#01 I: End test :28:Create string value.
2022-12-11T02:05:32+00:00 dhcp-vl2041-31392.eduroam.cornell.edu#01 I: Start test :30:Create int value.
2022-12-11T02:05:32+00:00 dhcp-vl2041-31392.eduroam.cornell.edu#01 I: Test :30:Create int value is successful.
2022-12-11T02:05:32+00:00 dhcp-vl2041-31392.eduroam.cornell.edu#01 I: End test :30:Create int value.
2022-12-11T02:05:32+00:00 dhcp-vl2041-31392.eduroam.cornell.edu#01 I: Start test :32:name of col1 is "col1".
2022-12-11T02:05:32+00:00 dhcp-vl2041-31392.eduroam.cornell.edu#01 I: Test :32:name of col1 is "col1" is successful.
2022-12-11T02:05:32+00:00 dhcp-vl2041-31392.eduroam.cornell.edu#01 I: End test :32:name of col1 is "col1".
2022-12-11T02:05:32+00:00 dhcp-vl2041-31392.eduroam.cornell.edu#01 I: Start test :34:get col8 from tbl8.
2022-12-11T02:05:32+00:00 dhcp-vl2041-31392.eduroam.cornell.edu#01 I: Test :34:get col8 from tbl8 is successful.
2022-12-11T02:05:32+00:00 dhcp-vl2041-31392.eduroam.cornell.edu#01 I: End test :34:get col8 from tbl8.
2022-12-11T02:05:32+00:00 dhcp-vl2041-31392.eduroam.cornell.edu#01 I: Start test :36:get col1 from tbl3.
2022-12-11T02:05:32+00:00 dhcp-vl2041-31392.eduroam.cornell.edu#01 I: Test :36:get col1 from tbl3 is successful.
2022-12-11T02:05:32+00:00 dhcp-vl2041-31392.eduroam.cornell.edu#01 I: End test :36:get col1 from tbl3.
2022-12-11T02:05:32+00:00 dhcp-vl2041-31392.eduroam.cornell.edu#01 I: Start test :38:get col8 from tbl9.
2022-12-11T02:05:32+00:00 dhcp-vl2041-31392.eduroam.cornell.edu#01 I: Test :38:get col8 from tbl9 is successful.
2022-12-11T02:05:32+00:00 dhcp-vl2041-31392.eduroam.cornell.edu#01 I: End test :38:get col8 from tbl9.
2022-12-11T02:05:32+00:00 dhcp-vl2041-31392.eduroam.cornell.edu#01 I: Start test :40:rename col1 with name "newname".
2022-12-11T02:05:32+00:00 dhcp-vl2041-31392.eduroam.cornell.edu#01 I: Test :40:rename col1 with name "newname" is successful.
2022-12-11T02:05:32+00:00 dhcp-vl2041-31392.eduroam.cornell.edu#01 I: End test :40:rename col1 with name "newname".
2022-12-11T02:05:32+00:00 dhcp-vl2041-31392.eduroam.cornell.edu#01 I: Start test :42:initialize empty table in db1.
2022-12-11T02:05:32+00:00 dhcp-vl2041-31392.eduroam.cornell.edu#01 I: Test :42:initialize empty table in db1 is successful.
2022-12-11T02:05:32+00:00 dhcp-vl2041-31392.eduroam.cornell.edu#01 I: End test :42:initialize empty table in db1.
2022-12-11T02:05:32+00:00 dhcp-vl2041-31392.eduroam.cornell.edu#01 I: Start test :43:columns of tbl1 are [].
2022-12-11T02:05:32+00:00 dhcp-vl2041-31392.eduroam.cornell.edu#01 I: Test :43:columns of tbl1 are [] is successful.
2022-12-11T02:05:32+00:00 dhcp-vl2041-31392.eduroam.cornell.edu#01 I: End test :43:columns of tbl1 are [].
2022-12-11T02:05:32+00:00 dhcp-vl2041-31392.eduroam.cornell.edu#01 I: Start test :45:columns of tbl3 are [col1; col2].
2022-12-11T02:05:32+00:00 dhcp-vl2041-31392.eduroam.cornell.edu#01 I: Test :45:columns of tbl3 are [col1; col2] is successful.
2022-12-11T02:05:32+00:00 dhcp-vl2041-31392.eduroam.cornell.edu#01 I: End test :45:columns of tbl3 are [col1; col2].
2022-12-11T02:05:32+00:00 dhcp-vl2041-31392.eduroam.cornell.edu#01 I: Start test :47:title of tbl8 is "".
2022-12-11T02:05:32+00:00 dhcp-vl2041-31392.eduroam.cornell.edu#01 I: Test :47:title of tbl8 is "" is successful.
2022-12-11T02:05:32+00:00 dhcp-vl2041-31392.eduroam.cornell.edu#01 I: End test :47:title of tbl8 is "".
2022-12-11T02:05:32+00:00 dhcp-vl2041-31392.eduroam.cornell.edu#01 I: Start test :49:db2 without tbl1 is db1.
2022-12-11T02:05:32+00:00 dhcp-vl2041-31392.eduroam.cornell.edu#01 I: Test :49:db2 without tbl1 is db1 is successful.
2022-12-11T02:05:32+00:00 dhcp-vl2041-31392.eduroam.cornell.edu#01 I: End test :49:db2 without tbl1 is db1.
2022-12-11T02:05:32+00:00 dhcp-vl2041-31392.eduroam.cornell.edu#01 I: Start test :51:tbl1 in db2 has 0 columns.
2022-12-11T02:05:32+00:00 dhcp-vl2041-31392.eduroam.cornell.edu#01 I: Test :51:tbl1 in db2 has 0 columns is successful.
2022-12-11T02:05:32+00:00 dhcp-vl2041-31392.eduroam.cornell.edu#01 I: End test :51:tbl1 in db2 has 0 columns.
2022-12-11T02:05:32+00:00 dhcp-vl2041-31392.eduroam.cornell.edu#01 I: Start test :53:tbl3 in db5 has 2 columns.
2022-12-11T02:05:32+00:00 dhcp-vl2041-31392.eduroam.cornell.edu#01 I: Test :53:tbl3 in db5 has 2 columns is successful.
2022-12-11T02:05:32+00:00 dhcp-vl2041-31392.eduroam.cornell.edu#01 I: End test :53:tbl3 in db5 has 2 columns.
2022-12-11T02:05:32+00:00 dhcp-vl2041-31392.eduroam.cornell.edu#01 I: Start test :55:HELP is HELP.
2022-12-11T02:05:32+00:00 dhcp-vl2041-31392.eduroam.cornell.edu#01 I: Test :55:HELP is HELP is successful.
2022-12-11T02:05:32+00:00 dhcp-vl2041-31392.eduroam.cornell.edu#01 I: End test :55:HELP is HELP.
