2022-12-11T02:05:32+00:00 dhcp-vl2041-31392.eduroam.cornell.edu#00 I: Runner: processes
2022-12-11T02:05:32+00:00 dhcp-vl2041-31392.eduroam.cornell.edu#00 I: Chooser: simple
2022-12-11T02:05:32+00:00 dhcp-vl2041-31392.eduroam.cornell.edu#00 I: Configuration suite_name = ""
2022-12-11T02:05:32+00:00 dhcp-vl2041-31392.eduroam.cornell.edu#00 I: Configuration cache_filename = "/Users/nirbhaysingh/3110/3110-final-proj/_build/oUnit-$(suite_name).cache"
2022-12-11T02:05:32+00:00 dhcp-vl2041-31392.eduroam.cornell.edu#00 I: Configuration run_gc_full_major = "true"
2022-12-11T02:05:32+00:00 dhcp-vl2041-31392.eduroam.cornell.edu#00 I: Configuration display = "true"
2022-12-11T02:05:32+00:00 dhcp-vl2041-31392.eduroam.cornell.edu#00 I: Configuration results_style_1_X = "false"
2022-12-11T02:05:32+00:00 dhcp-vl2041-31392.eduroam.cornell.edu#00 I: Configuration testdata_dir = "none"
2022-12-11T02:05:32+00:00 dhcp-vl2041-31392.eduroam.cornell.edu#00 I: Configuration health_check_interval = "1."
2022-12-11T02:05:32+00:00 dhcp-vl2041-31392.eduroam.cornell.edu#00 I: Configuration verbose = "false"
2022-12-11T02:05:32+00:00 dhcp-vl2041-31392.eduroam.cornell.edu#00 I: Configuration chooser = "simple"
2022-12-11T02:05:32+00:00 dhcp-vl2041-31392.eduroam.cornell.edu#00 I: Configuration output_html_dir = "none"
2022-12-11T02:05:32+00:00 dhcp-vl2041-31392.eduroam.cornell.edu#00 I: Configuration processes_kill_period = "5."
2022-12-11T02:05:32+00:00 dhcp-vl2041-31392.eduroam.cornell.edu#00 I: Configuration runner = "processes"
2022-12-11T02:05:32+00:00 dhcp-vl2041-31392.eduroam.cornell.edu#00 I: Configuration shards = "2"
2022-12-11T02:05:32+00:00 dhcp-vl2041-31392.eduroam.cornell.edu#00 I: Configuration processes_grace_period = "5."
2022-12-11T02:05:32+00:00 dhcp-vl2041-31392.eduroam.cornell.edu#00 I: Configuration log_encoding = "utf-8"
2022-12-11T02:05:32+00:00 dhcp-vl2041-31392.eduroam.cornell.edu#00 I: Configuration output_junit_file = "none"
2022-12-11T02:05:32+00:00 dhcp-vl2041-31392.eduroam.cornell.edu#00 I: Configuration ci = "false"
2022-12-11T02:05:32+00:00 dhcp-vl2041-31392.eduroam.cornell.edu#00 I: Configuration output_file = "/Users/nirbhaysingh/3110/3110-final-proj/_build/oUnit-$(suite_name)-$(shard_id).log"
2022-12-11T02:05:32+00:00 dhcp-vl2041-31392.eduroam.cornell.edu#00 I: Using 2 workers maximum.
2022-12-11T02:05:32+00:00 dhcp-vl2041-31392.eduroam.cornell.edu#00 I: Starting worker number dhcp-vl2041-31392.eduroam.cornell.edu#01.
2022-12-11T02:05:32+00:00 dhcp-vl2041-31392.eduroam.cornell.edu#00 I: Worker dhcp-vl2041-31392.eduroam.cornell.edu#01 started.
2022-12-11T02:05:32+00:00 dhcp-vl2041-31392.eduroam.cornell.edu#00 I: Starting worker number dhcp-vl2041-31392.eduroam.cornell.edu#02.
2022-12-11T02:05:32+00:00 dhcp-vl2041-31392.eduroam.cornell.edu#00 I: Worker dhcp-vl2041-31392.eduroam.cornell.edu#02 started.
2022-12-11T02:05:32+00:00 dhcp-vl2041-31392.eduroam.cornell.edu#00 I: 2 tests running: :1:sample col with one value, :0:sample col with no values.
2022-12-11T02:05:32+00:00 dhcp-vl2041-31392.eduroam.cornell.edu#01 I: Start test :0:sample col with no values.
2022-12-11T02:05:32+00:00 dhcp-vl2041-31392.eduroam.cornell.edu#00 I: 2 tests running: :1:sample col with one value, :0:sample col with no values.
2022-12-11T02:05:32+00:00 dhcp-vl2041-31392.eduroam.cornell.edu#02 I: Start test :1:sample col with one value.
2022-12-11T02:05:32+00:00 dhcp-vl2041-31392.eduroam.cornell.edu#00 I: 2 tests running: :1:sample col with one value, :0:sample col with no values.
2022-12-11T02:05:32+00:00 dhcp-vl2041-31392.eduroam.cornell.edu#01 I: Test :0:sample col with no values is successful.
2022-12-11T02:05:32+00:00 dhcp-vl2041-31392.eduroam.cornell.edu#00 I: 2 tests running: :1:sample col with one value, :0:sample col with no values.
2022-12-11T02:05:32+00:00 dhcp-vl2041-31392.eduroam.cornell.edu#01 I: End test :0:sample col with no values.
2022-12-11T02:05:32+00:00 dhcp-vl2041-31392.eduroam.cornell.edu#00 I: 2 tests running: :1:sample col with one value, :0:sample col with no values.
2022-12-11T02:05:32+00:00 dhcp-vl2041-31392.eduroam.cornell.edu#00 I: 2 tests running: :2:sample col with two values, :1:sample col with one value.
2022-12-11T02:05:32+00:00 dhcp-vl2041-31392.eduroam.cornell.edu#01 I: Start test :2:sample col with two values.
2022-12-11T02:05:32+00:00 dhcp-vl2041-31392.eduroam.cornell.edu#00 I: 2 tests running: :2:sample col with two values, :1:sample col with one value.
2022-12-11T02:05:32+00:00 dhcp-vl2041-31392.eduroam.cornell.edu#02 I: Test :1:sample col with one value is successful.
2022-12-11T02:05:32+00:00 dhcp-vl2041-31392.eduroam.cornell.edu#00 I: 2 tests running: :2:sample col with two values, :1:sample col with one value.
2022-12-11T02:05:32+00:00 dhcp-vl2041-31392.eduroam.cornell.edu#02 I: End test :1:sample col with one value.
2022-12-11T02:05:32+00:00 dhcp-vl2041-31392.eduroam.cornell.edu#00 I: 2 tests running: :2:sample col with two values, :1:sample col with one value.
2022-12-11T02:05:32+00:00 dhcp-vl2041-31392.eduroam.cornell.edu#00 I: 2 tests running: :3:sample table with no columns, :2:sample col with two values.
2022-12-11T02:05:32+00:00 dhcp-vl2041-31392.eduroam.cornell.edu#02 I: Start test :3:sample table with no columns.
2022-12-11T02:05:32+00:00 dhcp-vl2041-31392.eduroam.cornell.edu#00 I: 2 tests running: :3:sample table with no columns, :2:sample col with two values.
2022-12-11T02:05:32+00:00 dhcp-vl2041-31392.eduroam.cornell.edu#01 I: Test :2:sample col with two values is successful.
2022-12-11T02:05:32+00:00 dhcp-vl2041-31392.eduroam.cornell.edu#00 I: 2 tests running: :3:sample table with no columns, :2:sample col with two values.
2022-12-11T02:05:32+00:00 dhcp-vl2041-31392.eduroam.cornell.edu#01 I: End test :2:sample col with two values.
2022-12-11T02:05:32+00:00 dhcp-vl2041-31392.eduroam.cornell.edu#00 I: 2 tests running: :3:sample table with no columns, :2:sample col with two values.
2022-12-11T02:05:32+00:00 dhcp-vl2041-31392.eduroam.cornell.edu#00 I: 2 tests running: :4:sample table with one column, :3:sample table with no columns.
2022-12-11T02:05:32+00:00 dhcp-vl2041-31392.eduroam.cornell.edu#01 I: Start test :4:sample table with one column.
2022-12-11T02:05:32+00:00 dhcp-vl2041-31392.eduroam.cornell.edu#00 I: 2 tests running: :4:sample table with one column, :3:sample table with no columns.
2022-12-11T02:05:32+00:00 dhcp-vl2041-31392.eduroam.cornell.edu#02 I: Test :3:sample table with no columns is successful.
2022-12-11T02:05:32+00:00 dhcp-vl2041-31392.eduroam.cornell.edu#00 I: 2 tests running: :4:sample table with one column, :3:sample table with no columns.
2022-12-11T02:05:32+00:00 dhcp-vl2041-31392.eduroam.cornell.edu#02 I: End test :3:sample table with no columns.
2022-12-11T02:05:32+00:00 dhcp-vl2041-31392.eduroam.cornell.edu#00 I: 2 tests running: :4:sample table with one column, :3:sample table with no columns.
2022-12-11T02:05:32+00:00 dhcp-vl2041-31392.eduroam.cornell.edu#00 I: 2 tests running: :5:sample table with two columns, :4:sample table with one column.
2022-12-11T02:05:32+00:00 dhcp-vl2041-31392.eduroam.cornell.edu#02 I: Start test :5:sample table with two columns.
2022-12-11T02:05:32+00:00 dhcp-vl2041-31392.eduroam.cornell.edu#00 I: 2 tests running: :5:sample table with two columns, :4:sample table with one column.
2022-12-11T02:05:32+00:00 dhcp-vl2041-31392.eduroam.cornell.edu#01 I: Test :4:sample table with one column is successful.
2022-12-11T02:05:32+00:00 dhcp-vl2041-31392.eduroam.cornell.edu#00 I: 2 tests running: :5:sample table with two columns, :4:sample table with one column.
2022-12-11T02:05:32+00:00 dhcp-vl2041-31392.eduroam.cornell.edu#01 I: End test :4:sample table with one column.
2022-12-11T02:05:32+00:00 dhcp-vl2041-31392.eduroam.cornell.edu#00 I: 2 tests running: :5:sample table with two columns, :4:sample table with one column.
2022-12-11T02:05:32+00:00 dhcp-vl2041-31392.eduroam.cornell.edu#00 I: 2 tests running: :6:sample database with no tables, :5:sample table with two columns.
2022-12-11T02:05:32+00:00 dhcp-vl2041-31392.eduroam.cornell.edu#01 I: Start test :6:sample database with no tables.
2022-12-11T02:05:32+00:00 dhcp-vl2041-31392.eduroam.cornell.edu#00 I: 2 tests running: :6:sample database with no tables, :5:sample table with two columns.
2022-12-11T02:05:32+00:00 dhcp-vl2041-31392.eduroam.cornell.edu#02 I: Test :5:sample table with two columns is successful.
2022-12-11T02:05:32+00:00 dhcp-vl2041-31392.eduroam.cornell.edu#00 I: 2 tests running: :6:sample database with no tables, :5:sample table with two columns.
2022-12-11T02:05:32+00:00 dhcp-vl2041-31392.eduroam.cornell.edu#02 I: End test :5:sample table with two columns.
2022-12-11T02:05:32+00:00 dhcp-vl2041-31392.eduroam.cornell.edu#00 I: 2 tests running: :6:sample database with no tables, :5:sample table with two columns.
2022-12-11T02:05:32+00:00 dhcp-vl2041-31392.eduroam.cornell.edu#00 I: 2 tests running: :7:sample database with one table, :6:sample database with no tables.
2022-12-11T02:05:32+00:00 dhcp-vl2041-31392.eduroam.cornell.edu#01 I: Test :6:sample database with no tables is successful.
2022-12-11T02:05:32+00:00 dhcp-vl2041-31392.eduroam.cornell.edu#02 I: Start test :7:sample database with one table.
2022-12-11T02:05:32+00:00 dhcp-vl2041-31392.eduroam.cornell.edu#00 I: 2 tests running: :7:sample database with one table, :6:sample database with no tables.
2022-12-11T02:05:32+00:00 dhcp-vl2041-31392.eduroam.cornell.edu#01 I: End test :6:sample database with no tables.
2022-12-11T02:05:32+00:00 dhcp-vl2041-31392.eduroam.cornell.edu#00 I: 2 tests running: :7:sample database with one table, :6:sample database with no tables.
2022-12-11T02:05:32+00:00 dhcp-vl2041-31392.eduroam.cornell.edu#00 I: 2 tests running: :8:sample database with two tables, :7:sample database with one table.
2022-12-11T02:05:32+00:00 dhcp-vl2041-31392.eduroam.cornell.edu#01 I: Start test :8:sample database with two tables.
2022-12-11T02:05:32+00:00 dhcp-vl2041-31392.eduroam.cornell.edu#00 I: 2 tests running: :8:sample database with two tables, :7:sample database with one table.
2022-12-11T02:05:32+00:00 dhcp-vl2041-31392.eduroam.cornell.edu#02 I: Test :7:sample database with one table is successful.
2022-12-11T02:05:32+00:00 dhcp-vl2041-31392.eduroam.cornell.edu#01 I: Test :8:sample database with two tables is successful.
2022-12-11T02:05:32+00:00 dhcp-vl2041-31392.eduroam.cornell.edu#00 I: 2 tests running: :8:sample database with two tables, :7:sample database with one table.
2022-12-11T02:05:32+00:00 dhcp-vl2041-31392.eduroam.cornell.edu#02 I: End test :7:sample database with one table.
2022-12-11T02:05:32+00:00 dhcp-vl2041-31392.eduroam.cornell.edu#01 I: End test :8:sample database with two tables.
2022-12-11T02:05:32+00:00 dhcp-vl2041-31392.eduroam.cornell.edu#00 I: 2 tests running: :8:sample database with two tables, :7:sample database with one table.
2022-12-11T02:05:32+00:00 dhcp-vl2041-31392.eduroam.cornell.edu#00 I: 2 tests running: :10:destringify db2.json, :9:destringify db1.json.
2022-12-11T02:05:32+00:00 dhcp-vl2041-31392.eduroam.cornell.edu#01 I: Start test :9:destringify db1.json.
2022-12-11T02:05:32+00:00 dhcp-vl2041-31392.eduroam.cornell.edu#02 I: Start test :10:destringify db2.json.
2022-12-11T02:05:32+00:00 dhcp-vl2041-31392.eduroam.cornell.edu#00 I: 2 tests running: :10:destringify db2.json, :9:destringify db1.json.
2022-12-11T02:05:32+00:00 dhcp-vl2041-31392.eduroam.cornell.edu#01 I: Test :9:destringify db1.json is successful.
2022-12-11T02:05:32+00:00 dhcp-vl2041-31392.eduroam.cornell.edu#00 I: 2 tests running: :10:destringify db2.json, :9:destringify db1.json.
2022-12-11T02:05:32+00:00 dhcp-vl2041-31392.eduroam.cornell.edu#01 I: End test :9:destringify db1.json.
2022-12-11T02:05:32+00:00 dhcp-vl2041-31392.eduroam.cornell.edu#02 I: Test :10:destringify db2.json is successful.
2022-12-11T02:05:32+00:00 dhcp-vl2041-31392.eduroam.cornell.edu#00 I: 2 tests running: :10:destringify db2.json, :9:destringify db1.json.
2022-12-11T02:05:32+00:00 dhcp-vl2041-31392.eduroam.cornell.edu#02 I: End test :10:destringify db2.json.
2022-12-11T02:05:32+00:00 dhcp-vl2041-31392.eduroam.cornell.edu#00 I: 2 tests running: :11:destringify db3.json, :10:destringify db2.json.
2022-12-11T02:05:32+00:00 dhcp-vl2041-31392.eduroam.cornell.edu#00 I: 2 tests running: :12:HELP is HELP, :11:destringify db3.json.
2022-12-11T02:05:32+00:00 dhcp-vl2041-31392.eduroam.cornell.edu#01 I: Start test :11:destringify db3.json.
2022-12-11T02:05:32+00:00 dhcp-vl2041-31392.eduroam.cornell.edu#02 I: Start test :12:HELP is HELP.
2022-12-11T02:05:32+00:00 dhcp-vl2041-31392.eduroam.cornell.edu#00 I: 2 tests running: :12:HELP is HELP, :11:destringify db3.json.
2022-12-11T02:05:32+00:00 dhcp-vl2041-31392.eduroam.cornell.edu#02 I: Test :12:HELP is HELP is successful.
2022-12-11T02:05:32+00:00 dhcp-vl2041-31392.eduroam.cornell.edu#00 I: 2 tests running: :12:HELP is HELP, :11:destringify db3.json.
2022-12-11T02:05:32+00:00 dhcp-vl2041-31392.eduroam.cornell.edu#02 I: End test :12:HELP is HELP.
2022-12-11T02:05:32+00:00 dhcp-vl2041-31392.eduroam.cornell.edu#00 I: 2 tests running: :12:HELP is HELP, :11:destringify db3.json.
2022-12-11T02:05:32+00:00 dhcp-vl2041-31392.eduroam.cornell.edu#00 I: 2 tests running: :13:HELP is HELP, :11:destringify db3.json.
2022-12-11T02:05:32+00:00 dhcp-vl2041-31392.eduroam.cornell.edu#02 I: Start test :13:HELP is HELP.
2022-12-11T02:05:32+00:00 dhcp-vl2041-31392.eduroam.cornell.edu#00 I: 2 tests running: :13:HELP is HELP, :11:destringify db3.json.
2022-12-11T02:05:32+00:00 dhcp-vl2041-31392.eduroam.cornell.edu#01 I: Test :11:destringify db3.json is successful.
2022-12-11T02:05:32+00:00 dhcp-vl2041-31392.eduroam.cornell.edu#00 I: 2 tests running: :13:HELP is HELP, :11:destringify db3.json.
2022-12-11T02:05:32+00:00 dhcp-vl2041-31392.eduroam.cornell.edu#01 I: End test :11:destringify db3.json.
2022-12-11T02:05:32+00:00 dhcp-vl2041-31392.eduroam.cornell.edu#00 I: 2 tests running: :13:HELP is HELP, :11:destringify db3.json.
2022-12-11T02:05:32+00:00 dhcp-vl2041-31392.eduroam.cornell.edu#00 I: 2 tests running: :14:Int Column Type, :13:HELP is HELP.
2022-12-11T02:05:32+00:00 dhcp-vl2041-31392.eduroam.cornell.edu#01 I: Start test :14:Int Column Type.
2022-12-11T02:05:32+00:00 dhcp-vl2041-31392.eduroam.cornell.edu#00 I: 2 tests running: :14:Int Column Type, :13:HELP is HELP.
2022-12-11T02:05:32+00:00 dhcp-vl2041-31392.eduroam.cornell.edu#02 I: Test :13:HELP is HELP is successful.
2022-12-11T02:05:32+00:00 dhcp-vl2041-31392.eduroam.cornell.edu#00 I: 2 tests running: :14:Int Column Type, :13:HELP is HELP.
2022-12-11T02:05:32+00:00 dhcp-vl2041-31392.eduroam.cornell.edu#02 I: End test :13:HELP is HELP.
2022-12-11T02:05:32+00:00 dhcp-vl2041-31392.eduroam.cornell.edu#00 I: 2 tests running: :14:Int Column Type, :13:HELP is HELP.
2022-12-11T02:05:32+00:00 dhcp-vl2041-31392.eduroam.cornell.edu#00 I: 2 tests running: :15:Int Column Type, :14:Int Column Type.
2022-12-11T02:05:32+00:00 dhcp-vl2041-31392.eduroam.cornell.edu#02 I: Start test :15:Int Column Type.
2022-12-11T02:05:32+00:00 dhcp-vl2041-31392.eduroam.cornell.edu#00 I: 2 tests running: :15:Int Column Type, :14:Int Column Type.
2022-12-11T02:05:32+00:00 dhcp-vl2041-31392.eduroam.cornell.edu#01 I: Test :14:Int Column Type is successful.
2022-12-11T02:05:32+00:00 dhcp-vl2041-31392.eduroam.cornell.edu#00 I: 2 tests running: :15:Int Column Type, :14:Int Column Type.
2022-12-11T02:05:32+00:00 dhcp-vl2041-31392.eduroam.cornell.edu#01 I: End test :14:Int Column Type.
2022-12-11T02:05:32+00:00 dhcp-vl2041-31392.eduroam.cornell.edu#00 I: 2 tests running: :15:Int Column Type, :14:Int Column Type.
2022-12-11T02:05:32+00:00 dhcp-vl2041-31392.eduroam.cornell.edu#00 I: 2 tests running: :16:String Column Type, :15:Int Column Type.
2022-12-11T02:05:32+00:00 dhcp-vl2041-31392.eduroam.cornell.edu#01 I: Start test :16:String Column Type.
2022-12-11T02:05:32+00:00 dhcp-vl2041-31392.eduroam.cornell.edu#00 I: 2 tests running: :16:String Column Type, :15:Int Column Type.
2022-12-11T02:05:32+00:00 dhcp-vl2041-31392.eduroam.cornell.edu#02 I: Test :15:Int Column Type is successful.
2022-12-11T02:05:32+00:00 dhcp-vl2041-31392.eduroam.cornell.edu#00 I: 2 tests running: :16:String Column Type, :15:Int Column Type.
2022-12-11T02:05:32+00:00 dhcp-vl2041-31392.eduroam.cornell.edu#02 I: End test :15:Int Column Type.
2022-12-11T02:05:32+00:00 dhcp-vl2041-31392.eduroam.cornell.edu#00 I: 2 tests running: :16:String Column Type, :15:Int Column Type.
2022-12-11T02:05:32+00:00 dhcp-vl2041-31392.eduroam.cornell.edu#00 I: 2 tests running: :17:String Column Type, :16:String Column Type.
2022-12-11T02:05:32+00:00 dhcp-vl2041-31392.eduroam.cornell.edu#02 I: Start test :17:String Column Type.
2022-12-11T02:05:32+00:00 dhcp-vl2041-31392.eduroam.cornell.edu#00 I: 2 tests running: :17:String Column Type, :16:String Column Type.
2022-12-11T02:05:32+00:00 dhcp-vl2041-31392.eduroam.cornell.edu#01 I: Test :16:String Column Type is successful.
2022-12-11T02:05:32+00:00 dhcp-vl2041-31392.eduroam.cornell.edu#00 I: 2 tests running: :17:String Column Type, :16:String Column Type.
2022-12-11T02:05:32+00:00 dhcp-vl2041-31392.eduroam.cornell.edu#01 I: End test :16:String Column Type.
2022-12-11T02:05:32+00:00 dhcp-vl2041-31392.eduroam.cornell.edu#00 I: 2 tests running: :17:String Column Type, :16:String Column Type.
2022-12-11T02:05:32+00:00 dhcp-vl2041-31392.eduroam.cornell.edu#00 I: 2 tests running: :18:String type test, :17:String Column Type.
2022-12-11T02:05:32+00:00 dhcp-vl2041-31392.eduroam.cornell.edu#01 I: Start test :18:String type test.
2022-12-11T02:05:32+00:00 dhcp-vl2041-31392.eduroam.cornell.edu#00 I: 2 tests running: :18:String type test, :17:String Column Type.
2022-12-11T02:05:32+00:00 dhcp-vl2041-31392.eduroam.cornell.edu#02 I: Test :17:String Column Type is successful.
2022-12-11T02:05:32+00:00 dhcp-vl2041-31392.eduroam.cornell.edu#00 I: 2 tests running: :18:String type test, :17:String Column Type.
2022-12-11T02:05:32+00:00 dhcp-vl2041-31392.eduroam.cornell.edu#02 I: End test :17:String Column Type.
2022-12-11T02:05:32+00:00 dhcp-vl2041-31392.eduroam.cornell.edu#00 I: 2 tests running: :18:String type test, :17:String Column Type.
2022-12-11T02:05:32+00:00 dhcp-vl2041-31392.eduroam.cornell.edu#00 I: 2 tests running: :19:String type test, :18:String type test.
2022-12-11T02:05:32+00:00 dhcp-vl2041-31392.eduroam.cornell.edu#02 I: Start test :19:String type test.
2022-12-11T02:05:32+00:00 dhcp-vl2041-31392.eduroam.cornell.edu#00 I: 2 tests running: :19:String type test, :18:String type test.
2022-12-11T02:05:32+00:00 dhcp-vl2041-31392.eduroam.cornell.edu#01 I: Test :18:String type test is successful.
2022-12-11T02:05:32+00:00 dhcp-vl2041-31392.eduroam.cornell.edu#00 I: 2 tests running: :19:String type test, :18:String type test.
2022-12-11T02:05:32+00:00 dhcp-vl2041-31392.eduroam.cornell.edu#01 I: End test :18:String type test.
2022-12-11T02:05:32+00:00 dhcp-vl2041-31392.eduroam.cornell.edu#00 I: 2 tests running: :19:String type test, :18:String type test.
2022-12-11T02:05:32+00:00 dhcp-vl2041-31392.eduroam.cornell.edu#00 I: 2 tests running: :20:Int Value Type for int, :19:String type test.
2022-12-11T02:05:32+00:00 dhcp-vl2041-31392.eduroam.cornell.edu#01 I: Start test :20:Int Value Type for int.
2022-12-11T02:05:32+00:00 dhcp-vl2041-31392.eduroam.cornell.edu#00 I: 2 tests running: :20:Int Value Type for int, :19:String type test.
2022-12-11T02:05:32+00:00 dhcp-vl2041-31392.eduroam.cornell.edu#02 I: Test :19:String type test is successful.
2022-12-11T02:05:32+00:00 dhcp-vl2041-31392.eduroam.cornell.edu#00 I: 2 tests running: :20:Int Value Type for int, :19:String type test.
2022-12-11T02:05:32+00:00 dhcp-vl2041-31392.eduroam.cornell.edu#02 I: End test :19:String type test.
2022-12-11T02:05:32+00:00 dhcp-vl2041-31392.eduroam.cornell.edu#00 I: 2 tests running: :20:Int Value Type for int, :19:String type test.
2022-12-11T02:05:32+00:00 dhcp-vl2041-31392.eduroam.cornell.edu#00 I: 2 tests running: :21:Int Value Type for int, :20:Int Value Type for int.
2022-12-11T02:05:32+00:00 dhcp-vl2041-31392.eduroam.cornell.edu#02 I: Start test :21:Int Value Type for int.
2022-12-11T02:05:32+00:00 dhcp-vl2041-31392.eduroam.cornell.edu#00 I: 2 tests running: :21:Int Value Type for int, :20:Int Value Type for int.
2022-12-11T02:05:32+00:00 dhcp-vl2041-31392.eduroam.cornell.edu#01 I: Test :20:Int Value Type for int is successful.
2022-12-11T02:05:32+00:00 dhcp-vl2041-31392.eduroam.cornell.edu#00 I: 2 tests running: :21:Int Value Type for int, :20:Int Value Type for int.
2022-12-11T02:05:32+00:00 dhcp-vl2041-31392.eduroam.cornell.edu#01 I: End test :20:Int Value Type for int.
2022-12-11T02:05:32+00:00 dhcp-vl2041-31392.eduroam.cornell.edu#00 I: 2 tests running: :21:Int Value Type for int, :20:Int Value Type for int.
2022-12-11T02:05:32+00:00 dhcp-vl2041-31392.eduroam.cornell.edu#00 I: 2 tests running: :22:String Value Type for string, :21:Int Value Type for int.
2022-12-11T02:05:32+00:00 dhcp-vl2041-31392.eduroam.cornell.edu#01 I: Start test :22:String Value Type for string.
2022-12-11T02:05:32+00:00 dhcp-vl2041-31392.eduroam.cornell.edu#00 I: 2 tests running: :22:String Value Type for string, :21:Int Value Type for int.
2022-12-11T02:05:32+00:00 dhcp-vl2041-31392.eduroam.cornell.edu#02 I: Test :21:Int Value Type for int is successful.
2022-12-11T02:05:32+00:00 dhcp-vl2041-31392.eduroam.cornell.edu#00 I: 2 tests running: :22:String Value Type for string, :21:Int Value Type for int.
2022-12-11T02:05:32+00:00 dhcp-vl2041-31392.eduroam.cornell.edu#02 I: End test :21:Int Value Type for int.
2022-12-11T02:05:32+00:00 dhcp-vl2041-31392.eduroam.cornell.edu#00 I: 2 tests running: :22:String Value Type for string, :21:Int Value Type for int.
2022-12-11T02:05:32+00:00 dhcp-vl2041-31392.eduroam.cornell.edu#00 I: 2 tests running: :23:String Value Type for string, :22:String Value Type for string.
2022-12-11T02:05:32+00:00 dhcp-vl2041-31392.eduroam.cornell.edu#02 I: Start test :23:String Value Type for string.
2022-12-11T02:05:32+00:00 dhcp-vl2041-31392.eduroam.cornell.edu#00 I: 2 tests running: :23:String Value Type for string, :22:String Value Type for string.
2022-12-11T02:05:32+00:00 dhcp-vl2041-31392.eduroam.cornell.edu#01 I: Test :22:String Value Type for string is successful.
2022-12-11T02:05:32+00:00 dhcp-vl2041-31392.eduroam.cornell.edu#00 I: 2 tests running: :23:String Value Type for string, :22:String Value Type for string.
2022-12-11T02:05:32+00:00 dhcp-vl2041-31392.eduroam.cornell.edu#01 I: End test :22:String Value Type for string.
2022-12-11T02:05:32+00:00 dhcp-vl2041-31392.eduroam.cornell.edu#00 I: 2 tests running: :23:String Value Type for string, :22:String Value Type for string.
2022-12-11T02:05:32+00:00 dhcp-vl2041-31392.eduroam.cornell.edu#00 I: 2 tests running: :24:String Value type for float, :23:String Value Type for string.
2022-12-11T02:05:32+00:00 dhcp-vl2041-31392.eduroam.cornell.edu#01 I: Start test :24:String Value type for float.
2022-12-11T02:05:32+00:00 dhcp-vl2041-31392.eduroam.cornell.edu#00 I: 2 tests running: :24:String Value type for float, :23:String Value Type for string.
2022-12-11T02:05:32+00:00 dhcp-vl2041-31392.eduroam.cornell.edu#02 I: Test :23:String Value Type for string is successful.
2022-12-11T02:05:32+00:00 dhcp-vl2041-31392.eduroam.cornell.edu#00 I: 2 tests running: :24:String Value type for float, :23:String Value Type for string.
2022-12-11T02:05:32+00:00 dhcp-vl2041-31392.eduroam.cornell.edu#02 I: End test :23:String Value Type for string.
2022-12-11T02:05:32+00:00 dhcp-vl2041-31392.eduroam.cornell.edu#00 I: 2 tests running: :24:String Value type for float, :23:String Value Type for string.
2022-12-11T02:05:32+00:00 dhcp-vl2041-31392.eduroam.cornell.edu#00 I: 2 tests running: :25:String Value type for prim, :24:String Value type for float.
2022-12-11T02:05:32+00:00 dhcp-vl2041-31392.eduroam.cornell.edu#02 I: Start test :25:String Value type for prim.
2022-12-11T02:05:32+00:00 dhcp-vl2041-31392.eduroam.cornell.edu#00 I: 2 tests running: :25:String Value type for prim, :24:String Value type for float.
2022-12-11T02:05:32+00:00 dhcp-vl2041-31392.eduroam.cornell.edu#01 I: Test :24:String Value type for float is successful.
2022-12-11T02:05:32+00:00 dhcp-vl2041-31392.eduroam.cornell.edu#00 I: 2 tests running: :25:String Value type for prim, :24:String Value type for float.
2022-12-11T02:05:32+00:00 dhcp-vl2041-31392.eduroam.cornell.edu#01 I: End test :24:String Value type for float.
2022-12-11T02:05:32+00:00 dhcp-vl2041-31392.eduroam.cornell.edu#00 I: 2 tests running: :25:String Value type for prim, :24:String Value type for float.
2022-12-11T02:05:32+00:00 dhcp-vl2041-31392.eduroam.cornell.edu#00 I: 2 tests running: :26:String Value for null, :25:String Value type for prim.
2022-12-11T02:05:32+00:00 dhcp-vl2041-31392.eduroam.cornell.edu#01 I: Start test :26:String Value for null.
2022-12-11T02:05:32+00:00 dhcp-vl2041-31392.eduroam.cornell.edu#00 I: 2 tests running: :26:String Value for null, :25:String Value type for prim.
2022-12-11T02:05:32+00:00 dhcp-vl2041-31392.eduroam.cornell.edu#02 I: Test :25:String Value type for prim is successful.
2022-12-11T02:05:32+00:00 dhcp-vl2041-31392.eduroam.cornell.edu#00 I: 2 tests running: :26:String Value for null, :25:String Value type for prim.
2022-12-11T02:05:32+00:00 dhcp-vl2041-31392.eduroam.cornell.edu#02 I: End test :25:String Value type for prim.
2022-12-11T02:05:32+00:00 dhcp-vl2041-31392.eduroam.cornell.edu#00 I: 2 tests running: :26:String Value for null, :25:String Value type for prim.
2022-12-11T02:05:32+00:00 dhcp-vl2041-31392.eduroam.cornell.edu#00 I: 2 tests running: :27:Create boolean value, :26:String Value for null.
2022-12-11T02:05:32+00:00 dhcp-vl2041-31392.eduroam.cornell.edu#02 I: Start test :27:Create boolean value.
2022-12-11T02:05:32+00:00 dhcp-vl2041-31392.eduroam.cornell.edu#00 I: 2 tests running: :27:Create boolean value, :26:String Value for null.
2022-12-11T02:05:32+00:00 dhcp-vl2041-31392.eduroam.cornell.edu#01 I: Test :26:String Value for null is successful.
2022-12-11T02:05:32+00:00 dhcp-vl2041-31392.eduroam.cornell.edu#00 I: 2 tests running: :27:Create boolean value, :26:String Value for null.
2022-12-11T02:05:32+00:00 dhcp-vl2041-31392.eduroam.cornell.edu#01 I: End test :26:String Value for null.
2022-12-11T02:05:32+00:00 dhcp-vl2041-31392.eduroam.cornell.edu#00 I: 2 tests running: :27:Create boolean value, :26:String Value for null.
2022-12-11T02:05:32+00:00 dhcp-vl2041-31392.eduroam.cornell.edu#00 I: 2 tests running: :28:Create string value, :27:Create boolean value.
2022-12-11T02:05:32+00:00 dhcp-vl2041-31392.eduroam.cornell.edu#01 I: Start test :28:Create string value.
2022-12-11T02:05:32+00:00 dhcp-vl2041-31392.eduroam.cornell.edu#00 I: 2 tests running: :28:Create string value, :27:Create boolean value.
2022-12-11T02:05:32+00:00 dhcp-vl2041-31392.eduroam.cornell.edu#02 I: Test :27:Create boolean value is successful.
2022-12-11T02:05:32+00:00 dhcp-vl2041-31392.eduroam.cornell.edu#00 I: 2 tests running: :28:Create string value, :27:Create boolean value.
2022-12-11T02:05:32+00:00 dhcp-vl2041-31392.eduroam.cornell.edu#02 I: End test :27:Create boolean value.
2022-12-11T02:05:32+00:00 dhcp-vl2041-31392.eduroam.cornell.edu#00 I: 2 tests running: :28:Create string value, :27:Create boolean value.
2022-12-11T02:05:32+00:00 dhcp-vl2041-31392.eduroam.cornell.edu#00 I: 2 tests running: :29:Create flt value, :28:Create string value.
2022-12-11T02:05:32+00:00 dhcp-vl2041-31392.eduroam.cornell.edu#02 I: Start test :29:Create flt value.
2022-12-11T02:05:32+00:00 dhcp-vl2041-31392.eduroam.cornell.edu#00 I: 2 tests running: :29:Create flt value, :28:Create string value.
2022-12-11T02:05:32+00:00 dhcp-vl2041-31392.eduroam.cornell.edu#01 I: Test :28:Create string value is successful.
2022-12-11T02:05:32+00:00 dhcp-vl2041-31392.eduroam.cornell.edu#00 I: 2 tests running: :29:Create flt value, :28:Create string value.
2022-12-11T02:05:32+00:00 dhcp-vl2041-31392.eduroam.cornell.edu#01 I: End test :28:Create string value.
2022-12-11T02:05:32+00:00 dhcp-vl2041-31392.eduroam.cornell.edu#00 I: 2 tests running: :29:Create flt value, :28:Create string value.
2022-12-11T02:05:32+00:00 dhcp-vl2041-31392.eduroam.cornell.edu#00 I: 2 tests running: :30:Create int value, :29:Create flt value.
2022-12-11T02:05:32+00:00 dhcp-vl2041-31392.eduroam.cornell.edu#01 I: Start test :30:Create int value.
2022-12-11T02:05:32+00:00 dhcp-vl2041-31392.eduroam.cornell.edu#00 I: 2 tests running: :30:Create int value, :29:Create flt value.
2022-12-11T02:05:32+00:00 dhcp-vl2041-31392.eduroam.cornell.edu#02 I: Test :29:Create flt value is successful.
2022-12-11T02:05:32+00:00 dhcp-vl2041-31392.eduroam.cornell.edu#00 I: 2 tests running: :30:Create int value, :29:Create flt value.
2022-12-11T02:05:32+00:00 dhcp-vl2041-31392.eduroam.cornell.edu#02 I: End test :29:Create flt value.
2022-12-11T02:05:32+00:00 dhcp-vl2041-31392.eduroam.cornell.edu#00 I: 2 tests running: :30:Create int value, :29:Create flt value.
2022-12-11T02:05:32+00:00 dhcp-vl2041-31392.eduroam.cornell.edu#00 I: 2 tests running: :31:insert empty row to empty table, :30:Create int value.
2022-12-11T02:05:32+00:00 dhcp-vl2041-31392.eduroam.cornell.edu#02 I: Start test :31:insert empty row to empty table.
2022-12-11T02:05:32+00:00 dhcp-vl2041-31392.eduroam.cornell.edu#00 I: 2 tests running: :31:insert empty row to empty table, :30:Create int value.
2022-12-11T02:05:32+00:00 dhcp-vl2041-31392.eduroam.cornell.edu#01 I: Test :30:Create int value is successful.
2022-12-11T02:05:32+00:00 dhcp-vl2041-31392.eduroam.cornell.edu#00 I: 2 tests running: :31:insert empty row to empty table, :30:Create int value.
2022-12-11T02:05:32+00:00 dhcp-vl2041-31392.eduroam.cornell.edu#01 I: End test :30:Create int value.
2022-12-11T02:05:32+00:00 dhcp-vl2041-31392.eduroam.cornell.edu#00 I: 2 tests running: :31:insert empty row to empty table, :30:Create int value.
2022-12-11T02:05:32+00:00 dhcp-vl2041-31392.eduroam.cornell.edu#00 I: 2 tests running: :32:name of col1 is "col1", :31:insert empty row to empty table.
2022-12-11T02:05:32+00:00 dhcp-vl2041-31392.eduroam.cornell.edu#01 I: Start test :32:name of col1 is "col1".
2022-12-11T02:05:32+00:00 dhcp-vl2041-31392.eduroam.cornell.edu#00 I: 2 tests running: :32:name of col1 is "col1", :31:insert empty row to empty table.
2022-12-11T02:05:32+00:00 dhcp-vl2041-31392.eduroam.cornell.edu#02 I: Test :31:insert empty row to empty table is successful.
2022-12-11T02:05:32+00:00 dhcp-vl2041-31392.eduroam.cornell.edu#00 I: 2 tests running: :32:name of col1 is "col1", :31:insert empty row to empty table.
2022-12-11T02:05:32+00:00 dhcp-vl2041-31392.eduroam.cornell.edu#02 I: End test :31:insert empty row to empty table.
2022-12-11T02:05:32+00:00 dhcp-vl2041-31392.eduroam.cornell.edu#00 I: 2 tests running: :32:name of col1 is "col1", :31:insert empty row to empty table.
2022-12-11T02:05:32+00:00 dhcp-vl2041-31392.eduroam.cornell.edu#00 I: 2 tests running: :33:get col1 from tbl2, :32:name of col1 is "col1".
2022-12-11T02:05:32+00:00 dhcp-vl2041-31392.eduroam.cornell.edu#02 I: Start test :33:get col1 from tbl2.
2022-12-11T02:05:32+00:00 dhcp-vl2041-31392.eduroam.cornell.edu#00 I: 2 tests running: :33:get col1 from tbl2, :32:name of col1 is "col1".
2022-12-11T02:05:32+00:00 dhcp-vl2041-31392.eduroam.cornell.edu#01 I: Test :32:name of col1 is "col1" is successful.
2022-12-11T02:05:32+00:00 dhcp-vl2041-31392.eduroam.cornell.edu#00 I: 2 tests running: :33:get col1 from tbl2, :32:name of col1 is "col1".
2022-12-11T02:05:32+00:00 dhcp-vl2041-31392.eduroam.cornell.edu#01 I: End test :32:name of col1 is "col1".
2022-12-11T02:05:32+00:00 dhcp-vl2041-31392.eduroam.cornell.edu#00 I: 2 tests running: :33:get col1 from tbl2, :32:name of col1 is "col1".
2022-12-11T02:05:32+00:00 dhcp-vl2041-31392.eduroam.cornell.edu#00 I: 2 tests running: :34:get col8 from tbl8, :33:get col1 from tbl2.
2022-12-11T02:05:32+00:00 dhcp-vl2041-31392.eduroam.cornell.edu#01 I: Start test :34:get col8 from tbl8.
2022-12-11T02:05:32+00:00 dhcp-vl2041-31392.eduroam.cornell.edu#00 I: 2 tests running: :34:get col8 from tbl8, :33:get col1 from tbl2.
2022-12-11T02:05:32+00:00 dhcp-vl2041-31392.eduroam.cornell.edu#02 I: Test :33:get col1 from tbl2 is successful.
2022-12-11T02:05:32+00:00 dhcp-vl2041-31392.eduroam.cornell.edu#00 I: 2 tests running: :34:get col8 from tbl8, :33:get col1 from tbl2.
2022-12-11T02:05:32+00:00 dhcp-vl2041-31392.eduroam.cornell.edu#02 I: End test :33:get col1 from tbl2.
2022-12-11T02:05:32+00:00 dhcp-vl2041-31392.eduroam.cornell.edu#00 I: 2 tests running: :34:get col8 from tbl8, :33:get col1 from tbl2.
2022-12-11T02:05:32+00:00 dhcp-vl2041-31392.eduroam.cornell.edu#00 I: 2 tests running: :35:get col1 from tbl2, :34:get col8 from tbl8.
2022-12-11T02:05:32+00:00 dhcp-vl2041-31392.eduroam.cornell.edu#02 I: Start test :35:get col1 from tbl2.
2022-12-11T02:05:32+00:00 dhcp-vl2041-31392.eduroam.cornell.edu#00 I: 2 tests running: :35:get col1 from tbl2, :34:get col8 from tbl8.
2022-12-11T02:05:32+00:00 dhcp-vl2041-31392.eduroam.cornell.edu#01 I: Test :34:get col8 from tbl8 is successful.
2022-12-11T02:05:32+00:00 dhcp-vl2041-31392.eduroam.cornell.edu#00 I: 2 tests running: :35:get col1 from tbl2, :34:get col8 from tbl8.
2022-12-11T02:05:32+00:00 dhcp-vl2041-31392.eduroam.cornell.edu#01 I: End test :34:get col8 from tbl8.
2022-12-11T02:05:32+00:00 dhcp-vl2041-31392.eduroam.cornell.edu#00 I: 2 tests running: :35:get col1 from tbl2, :34:get col8 from tbl8.
2022-12-11T02:05:32+00:00 dhcp-vl2041-31392.eduroam.cornell.edu#00 I: 2 tests running: :36:get col1 from tbl3, :35:get col1 from tbl2.
2022-12-11T02:05:32+00:00 dhcp-vl2041-31392.eduroam.cornell.edu#01 I: Start test :36:get col1 from tbl3.
2022-12-11T02:05:32+00:00 dhcp-vl2041-31392.eduroam.cornell.edu#00 I: 2 tests running: :36:get col1 from tbl3, :35:get col1 from tbl2.
2022-12-11T02:05:32+00:00 dhcp-vl2041-31392.eduroam.cornell.edu#02 I: Test :35:get col1 from tbl2 is successful.
2022-12-11T02:05:32+00:00 dhcp-vl2041-31392.eduroam.cornell.edu#00 I: 2 tests running: :36:get col1 from tbl3, :35:get col1 from tbl2.
2022-12-11T02:05:32+00:00 dhcp-vl2041-31392.eduroam.cornell.edu#02 I: End test :35:get col1 from tbl2.
2022-12-11T02:05:32+00:00 dhcp-vl2041-31392.eduroam.cornell.edu#00 I: 2 tests running: :36:get col1 from tbl3, :35:get col1 from tbl2.
2022-12-11T02:05:32+00:00 dhcp-vl2041-31392.eduroam.cornell.edu#00 I: 2 tests running: :37:get col2 from tbl3, :36:get col1 from tbl3.
2022-12-11T02:05:32+00:00 dhcp-vl2041-31392.eduroam.cornell.edu#02 I: Start test :37:get col2 from tbl3.
2022-12-11T02:05:32+00:00 dhcp-vl2041-31392.eduroam.cornell.edu#00 I: 2 tests running: :37:get col2 from tbl3, :36:get col1 from tbl3.
2022-12-11T02:05:32+00:00 dhcp-vl2041-31392.eduroam.cornell.edu#01 I: Test :36:get col1 from tbl3 is successful.
2022-12-11T02:05:32+00:00 dhcp-vl2041-31392.eduroam.cornell.edu#00 I: 2 tests running: :37:get col2 from tbl3, :36:get col1 from tbl3.
2022-12-11T02:05:32+00:00 dhcp-vl2041-31392.eduroam.cornell.edu#01 I: End test :36:get col1 from tbl3.
2022-12-11T02:05:32+00:00 dhcp-vl2041-31392.eduroam.cornell.edu#00 I: 2 tests running: :37:get col2 from tbl3, :36:get col1 from tbl3.
2022-12-11T02:05:32+00:00 dhcp-vl2041-31392.eduroam.cornell.edu#00 I: 2 tests running: :38:get col8 from tbl9, :37:get col2 from tbl3.
2022-12-11T02:05:32+00:00 dhcp-vl2041-31392.eduroam.cornell.edu#01 I: Start test :38:get col8 from tbl9.
2022-12-11T02:05:32+00:00 dhcp-vl2041-31392.eduroam.cornell.edu#00 I: 2 tests running: :38:get col8 from tbl9, :37:get col2 from tbl3.
2022-12-11T02:05:32+00:00 dhcp-vl2041-31392.eduroam.cornell.edu#02 I: Test :37:get col2 from tbl3 is successful.
2022-12-11T02:05:32+00:00 dhcp-vl2041-31392.eduroam.cornell.edu#00 I: 2 tests running: :38:get col8 from tbl9, :37:get col2 from tbl3.
2022-12-11T02:05:32+00:00 dhcp-vl2041-31392.eduroam.cornell.edu#02 I: End test :37:get col2 from tbl3.
2022-12-11T02:05:32+00:00 dhcp-vl2041-31392.eduroam.cornell.edu#00 I: 2 tests running: :38:get col8 from tbl9, :37:get col2 from tbl3.
2022-12-11T02:05:32+00:00 dhcp-vl2041-31392.eduroam.cornell.edu#00 I: 2 tests running: :39:get col7 from tbl9, :38:get col8 from tbl9.
2022-12-11T02:05:32+00:00 dhcp-vl2041-31392.eduroam.cornell.edu#02 I: Start test :39:get col7 from tbl9.
2022-12-11T02:05:32+00:00 dhcp-vl2041-31392.eduroam.cornell.edu#00 I: 2 tests running: :39:get col7 from tbl9, :38:get col8 from tbl9.
2022-12-11T02:05:32+00:00 dhcp-vl2041-31392.eduroam.cornell.edu#01 I: Test :38:get col8 from tbl9 is successful.
2022-12-11T02:05:32+00:00 dhcp-vl2041-31392.eduroam.cornell.edu#00 I: 2 tests running: :39:get col7 from tbl9, :38:get col8 from tbl9.
2022-12-11T02:05:32+00:00 dhcp-vl2041-31392.eduroam.cornell.edu#01 I: End test :38:get col8 from tbl9.
2022-12-11T02:05:32+00:00 dhcp-vl2041-31392.eduroam.cornell.edu#00 I: 2 tests running: :39:get col7 from tbl9, :38:get col8 from tbl9.
2022-12-11T02:05:32+00:00 dhcp-vl2041-31392.eduroam.cornell.edu#00 I: 2 tests running: :40:rename col1 with name "newname", :39:get col7 from tbl9.
2022-12-11T02:05:32+00:00 dhcp-vl2041-31392.eduroam.cornell.edu#01 I: Start test :40:rename col1 with name "newname".
2022-12-11T02:05:32+00:00 dhcp-vl2041-31392.eduroam.cornell.edu#00 I: 2 tests running: :40:rename col1 with name "newname", :39:get col7 from tbl9.
2022-12-11T02:05:32+00:00 dhcp-vl2041-31392.eduroam.cornell.edu#02 I: Test :39:get col7 from tbl9 is successful.
2022-12-11T02:05:32+00:00 dhcp-vl2041-31392.eduroam.cornell.edu#00 I: 2 tests running: :40:rename col1 with name "newname", :39:get col7 from tbl9.
2022-12-11T02:05:32+00:00 dhcp-vl2041-31392.eduroam.cornell.edu#02 I: End test :39:get col7 from tbl9.
2022-12-11T02:05:32+00:00 dhcp-vl2041-31392.eduroam.cornell.edu#00 I: 2 tests running: :40:rename col1 with name "newname", :39:get col7 from tbl9.
2022-12-11T02:05:32+00:00 dhcp-vl2041-31392.eduroam.cornell.edu#00 I: 2 tests running: :41:initialize empty table in db1, :40:rename col1 with name "newname".
2022-12-11T02:05:32+00:00 dhcp-vl2041-31392.eduroam.cornell.edu#01 I: Test :40:rename col1 with name "newname" is successful.
2022-12-11T02:05:32+00:00 dhcp-vl2041-31392.eduroam.cornell.edu#02 I: Start test :41:initialize empty table in db1.
2022-12-11T02:05:32+00:00 dhcp-vl2041-31392.eduroam.cornell.edu#00 I: 2 tests running: :41:initialize empty table in db1, :40:rename col1 with name "newname".
2022-12-11T02:05:32+00:00 dhcp-vl2041-31392.eduroam.cornell.edu#01 I: End test :40:rename col1 with name "newname".
2022-12-11T02:05:32+00:00 dhcp-vl2041-31392.eduroam.cornell.edu#00 I: 2 tests running: :41:initialize empty table in db1, :40:rename col1 with name "newname".
2022-12-11T02:05:32+00:00 dhcp-vl2041-31392.eduroam.cornell.edu#00 I: 2 tests running: :42:initialize empty table in db1, :41:initialize empty table in db1.
2022-12-11T02:05:32+00:00 dhcp-vl2041-31392.eduroam.cornell.edu#01 I: Start test :42:initialize empty table in db1.
2022-12-11T02:05:32+00:00 dhcp-vl2041-31392.eduroam.cornell.edu#00 I: 2 tests running: :42:initialize empty table in db1, :41:initialize empty table in db1.
2022-12-11T02:05:32+00:00 dhcp-vl2041-31392.eduroam.cornell.edu#01 I: Test :42:initialize empty table in db1 is successful.
2022-12-11T02:05:32+00:00 dhcp-vl2041-31392.eduroam.cornell.edu#00 I: 2 tests running: :42:initialize empty table in db1, :41:initialize empty table in db1.
2022-12-11T02:05:32+00:00 dhcp-vl2041-31392.eduroam.cornell.edu#02 I: Test :41:initialize empty table in db1 is successful.
2022-12-11T02:05:32+00:00 dhcp-vl2041-31392.eduroam.cornell.edu#01 I: End test :42:initialize empty table in db1.
2022-12-11T02:05:32+00:00 dhcp-vl2041-31392.eduroam.cornell.edu#00 I: 2 tests running: :42:initialize empty table in db1, :41:initialize empty table in db1.
2022-12-11T02:05:32+00:00 dhcp-vl2041-31392.eduroam.cornell.edu#02 I: End test :41:initialize empty table in db1.
2022-12-11T02:05:32+00:00 dhcp-vl2041-31392.eduroam.cornell.edu#00 I: 2 tests running: :43:columns of tbl1 are [], :41:initialize empty table in db1.
2022-12-11T02:05:32+00:00 dhcp-vl2041-31392.eduroam.cornell.edu#01 I: Start test :43:columns of tbl1 are [].
2022-12-11T02:05:32+00:00 dhcp-vl2041-31392.eduroam.cornell.edu#00 I: 2 tests running: :44:columns of tbl2 are [col1], :43:columns of tbl1 are [].
2022-12-11T02:05:32+00:00 dhcp-vl2041-31392.eduroam.cornell.edu#02 I: Start test :44:columns of tbl2 are [col1].
2022-12-11T02:05:32+00:00 dhcp-vl2041-31392.eduroam.cornell.edu#00 I: 2 tests running: :44:columns of tbl2 are [col1], :43:columns of tbl1 are [].
2022-12-11T02:05:32+00:00 dhcp-vl2041-31392.eduroam.cornell.edu#01 I: Test :43:columns of tbl1 are [] is successful.
2022-12-11T02:05:32+00:00 dhcp-vl2041-31392.eduroam.cornell.edu#00 I: 2 tests running: :44:columns of tbl2 are [col1], :43:columns of tbl1 are [].
2022-12-11T02:05:32+00:00 dhcp-vl2041-31392.eduroam.cornell.edu#01 I: End test :43:columns of tbl1 are [].
2022-12-11T02:05:32+00:00 dhcp-vl2041-31392.eduroam.cornell.edu#02 I: Test :44:columns of tbl2 are [col1] is successful.
2022-12-11T02:05:32+00:00 dhcp-vl2041-31392.eduroam.cornell.edu#00 I: 2 tests running: :44:columns of tbl2 are [col1], :43:columns of tbl1 are [].
2022-12-11T02:05:32+00:00 dhcp-vl2041-31392.eduroam.cornell.edu#02 I: End test :44:columns of tbl2 are [col1].
2022-12-11T02:05:32+00:00 dhcp-vl2041-31392.eduroam.cornell.edu#00 I: 2 tests running: :45:columns of tbl3 are [col1; col2], :44:columns of tbl2 are [col1].
2022-12-11T02:05:32+00:00 dhcp-vl2041-31392.eduroam.cornell.edu#00 I: 2 tests running: :46:title of tbl1 is "tbl1", :45:columns of tbl3 are [col1; col2].
2022-12-11T02:05:32+00:00 dhcp-vl2041-31392.eduroam.cornell.edu#01 I: Start test :45:columns of tbl3 are [col1; col2].
2022-12-11T02:05:32+00:00 dhcp-vl2041-31392.eduroam.cornell.edu#00 I: 2 tests running: :46:title of tbl1 is "tbl1", :45:columns of tbl3 are [col1; col2].
2022-12-11T02:05:32+00:00 dhcp-vl2041-31392.eduroam.cornell.edu#02 I: Start test :46:title of tbl1 is "tbl1".
2022-12-11T02:05:32+00:00 dhcp-vl2041-31392.eduroam.cornell.edu#00 I: 2 tests running: :46:title of tbl1 is "tbl1", :45:columns of tbl3 are [col1; col2].
2022-12-11T02:05:32+00:00 dhcp-vl2041-31392.eduroam.cornell.edu#01 I: Test :45:columns of tbl3 are [col1; col2] is successful.
2022-12-11T02:05:32+00:00 dhcp-vl2041-31392.eduroam.cornell.edu#00 I: 2 tests running: :46:title of tbl1 is "tbl1", :45:columns of tbl3 are [col1; col2].
2022-12-11T02:05:32+00:00 dhcp-vl2041-31392.eduroam.cornell.edu#01 I: End test :45:columns of tbl3 are [col1; col2].
2022-12-11T02:05:32+00:00 dhcp-vl2041-31392.eduroam.cornell.edu#02 I: Test :46:title of tbl1 is "tbl1" is successful.
2022-12-11T02:05:32+00:00 dhcp-vl2041-31392.eduroam.cornell.edu#00 I: 2 tests running: :46:title of tbl1 is "tbl1", :45:columns of tbl3 are [col1; col2].
2022-12-11T02:05:32+00:00 dhcp-vl2041-31392.eduroam.cornell.edu#02 I: End test :46:title of tbl1 is "tbl1".
2022-12-11T02:05:32+00:00 dhcp-vl2041-31392.eduroam.cornell.edu#00 I: 2 tests running: :47:title of tbl8 is "", :46:title of tbl1 is "tbl1".
2022-12-11T02:05:32+00:00 dhcp-vl2041-31392.eduroam.cornell.edu#00 I: 2 tests running: :48:retitle tbl1 with title "", :47:title of tbl8 is "".
2022-12-11T02:05:32+00:00 dhcp-vl2041-31392.eduroam.cornell.edu#01 I: Start test :47:title of tbl8 is "".
2022-12-11T02:05:32+00:00 dhcp-vl2041-31392.eduroam.cornell.edu#00 I: 2 tests running: :48:retitle tbl1 with title "", :47:title of tbl8 is "".
2022-12-11T02:05:32+00:00 dhcp-vl2041-31392.eduroam.cornell.edu#02 I: Start test :48:retitle tbl1 with title "".
2022-12-11T02:05:32+00:00 dhcp-vl2041-31392.eduroam.cornell.edu#00 I: 2 tests running: :48:retitle tbl1 with title "", :47:title of tbl8 is "".
2022-12-11T02:05:32+00:00 dhcp-vl2041-31392.eduroam.cornell.edu#01 I: Test :47:title of tbl8 is "" is successful.
2022-12-11T02:05:32+00:00 dhcp-vl2041-31392.eduroam.cornell.edu#00 I: 2 tests running: :48:retitle tbl1 with title "", :47:title of tbl8 is "".
2022-12-11T02:05:32+00:00 dhcp-vl2041-31392.eduroam.cornell.edu#01 I: End test :47:title of tbl8 is "".
2022-12-11T02:05:32+00:00 dhcp-vl2041-31392.eduroam.cornell.edu#02 I: Test :48:retitle tbl1 with title "" is successful.
2022-12-11T02:05:32+00:00 dhcp-vl2041-31392.eduroam.cornell.edu#00 I: 2 tests running: :48:retitle tbl1 with title "", :47:title of tbl8 is "".
2022-12-11T02:05:32+00:00 dhcp-vl2041-31392.eduroam.cornell.edu#02 I: End test :48:retitle tbl1 with title "".
2022-12-11T02:05:32+00:00 dhcp-vl2041-31392.eduroam.cornell.edu#00 I: 2 tests running: :49:db2 without tbl1 is db1, :48:retitle tbl1 with title "".
2022-12-11T02:05:32+00:00 dhcp-vl2041-31392.eduroam.cornell.edu#00 I: 2 tests running: :50:db3 without tbl2 is db2, :49:db2 without tbl1 is db1.
2022-12-11T02:05:32+00:00 dhcp-vl2041-31392.eduroam.cornell.edu#01 I: Start test :49:db2 without tbl1 is db1.
2022-12-11T02:05:32+00:00 dhcp-vl2041-31392.eduroam.cornell.edu#02 I: Start test :50:db3 without tbl2 is db2.
2022-12-11T02:05:32+00:00 dhcp-vl2041-31392.eduroam.cornell.edu#00 I: 2 tests running: :50:db3 without tbl2 is db2, :49:db2 without tbl1 is db1.
2022-12-11T02:05:32+00:00 dhcp-vl2041-31392.eduroam.cornell.edu#01 I: Test :49:db2 without tbl1 is db1 is successful.
2022-12-11T02:05:32+00:00 dhcp-vl2041-31392.eduroam.cornell.edu#00 I: 2 tests running: :50:db3 without tbl2 is db2, :49:db2 without tbl1 is db1.
2022-12-11T02:05:32+00:00 dhcp-vl2041-31392.eduroam.cornell.edu#01 I: End test :49:db2 without tbl1 is db1.
2022-12-11T02:05:32+00:00 dhcp-vl2041-31392.eduroam.cornell.edu#00 I: 2 tests running: :50:db3 without tbl2 is db2, :49:db2 without tbl1 is db1.
2022-12-11T02:05:32+00:00 dhcp-vl2041-31392.eduroam.cornell.edu#02 I: Test :50:db3 without tbl2 is db2 is successful.
2022-12-11T02:05:32+00:00 dhcp-vl2041-31392.eduroam.cornell.edu#00 I: 2 tests running: :51:tbl1 in db2 has 0 columns, :50:db3 without tbl2 is db2.
2022-12-11T02:05:32+00:00 dhcp-vl2041-31392.eduroam.cornell.edu#02 I: End test :50:db3 without tbl2 is db2.
2022-12-11T02:05:32+00:00 dhcp-vl2041-31392.eduroam.cornell.edu#00 I: 2 tests running: :51:tbl1 in db2 has 0 columns, :50:db3 without tbl2 is db2.
2022-12-11T02:05:32+00:00 dhcp-vl2041-31392.eduroam.cornell.edu#01 I: Start test :51:tbl1 in db2 has 0 columns.
2022-12-11T02:05:32+00:00 dhcp-vl2041-31392.eduroam.cornell.edu#00 I: 2 tests running: :52:tbl2 in db3 has 1 column, :51:tbl1 in db2 has 0 columns.
2022-12-11T02:05:32+00:00 dhcp-vl2041-31392.eduroam.cornell.edu#02 I: Start test :52:tbl2 in db3 has 1 column.
2022-12-11T02:05:32+00:00 dhcp-vl2041-31392.eduroam.cornell.edu#00 I: 2 tests running: :52:tbl2 in db3 has 1 column, :51:tbl1 in db2 has 0 columns.
2022-12-11T02:05:32+00:00 dhcp-vl2041-31392.eduroam.cornell.edu#01 I: Test :51:tbl1 in db2 has 0 columns is successful.
2022-12-11T02:05:32+00:00 dhcp-vl2041-31392.eduroam.cornell.edu#00 I: 2 tests running: :52:tbl2 in db3 has 1 column, :51:tbl1 in db2 has 0 columns.
2022-12-11T02:05:32+00:00 dhcp-vl2041-31392.eduroam.cornell.edu#01 I: End test :51:tbl1 in db2 has 0 columns.
2022-12-11T02:05:32+00:00 dhcp-vl2041-31392.eduroam.cornell.edu#00 I: 2 tests running: :52:tbl2 in db3 has 1 column, :51:tbl1 in db2 has 0 columns.
2022-12-11T02:05:32+00:00 dhcp-vl2041-31392.eduroam.cornell.edu#02 I: Test :52:tbl2 in db3 has 1 column is successful.
2022-12-11T02:05:32+00:00 dhcp-vl2041-31392.eduroam.cornell.edu#00 I: 2 tests running: :53:tbl3 in db5 has 2 columns, :52:tbl2 in db3 has 1 column.
2022-12-11T02:05:32+00:00 dhcp-vl2041-31392.eduroam.cornell.edu#02 I: End test :52:tbl2 in db3 has 1 column.
2022-12-11T02:05:32+00:00 dhcp-vl2041-31392.eduroam.cornell.edu#00 I: 2 tests running: :53:tbl3 in db5 has 2 columns, :52:tbl2 in db3 has 1 column.
2022-12-11T02:05:32+00:00 dhcp-vl2041-31392.eduroam.cornell.edu#01 I: Start test :53:tbl3 in db5 has 2 columns.
2022-12-11T02:05:32+00:00 dhcp-vl2041-31392.eduroam.cornell.edu#00 I: 2 tests running: :54:HELP is HELP, :53:tbl3 in db5 has 2 columns.
2022-12-11T02:05:32+00:00 dhcp-vl2041-31392.eduroam.cornell.edu#02 I: Start test :54:HELP is HELP.
2022-12-11T02:05:32+00:00 dhcp-vl2041-31392.eduroam.cornell.edu#00 I: 2 tests running: :54:HELP is HELP, :53:tbl3 in db5 has 2 columns.
2022-12-11T02:05:32+00:00 dhcp-vl2041-31392.eduroam.cornell.edu#01 I: Test :53:tbl3 in db5 has 2 columns is successful.
2022-12-11T02:05:32+00:00 dhcp-vl2041-31392.eduroam.cornell.edu#00 I: 2 tests running: :54:HELP is HELP, :53:tbl3 in db5 has 2 columns.
2022-12-11T02:05:32+00:00 dhcp-vl2041-31392.eduroam.cornell.edu#01 I: End test :53:tbl3 in db5 has 2 columns.
2022-12-11T02:05:32+00:00 dhcp-vl2041-31392.eduroam.cornell.edu#00 I: 2 tests running: :54:HELP is HELP, :53:tbl3 in db5 has 2 columns.
2022-12-11T02:05:32+00:00 dhcp-vl2041-31392.eduroam.cornell.edu#00 I: Still 2 tests running : :55:HELP is HELP, :54:HELP is HELP.
2022-12-11T02:05:32+00:00 dhcp-vl2041-31392.eduroam.cornell.edu#00 I: 2 tests running: :55:HELP is HELP, :54:HELP is HELP.
2022-12-11T02:05:32+00:00 dhcp-vl2041-31392.eduroam.cornell.edu#01 I: Start test :55:HELP is HELP.
2022-12-11T02:05:32+00:00 dhcp-vl2041-31392.eduroam.cornell.edu#00 I: Still 2 tests running : :55:HELP is HELP, :54:HELP is HELP.
2022-12-11T02:05:32+00:00 dhcp-vl2041-31392.eduroam.cornell.edu#00 I: 2 tests running: :55:HELP is HELP, :54:HELP is HELP.
2022-12-11T02:05:32+00:00 dhcp-vl2041-31392.eduroam.cornell.edu#02 I: Test :54:HELP is HELP is successful.
2022-12-11T02:05:32+00:00 dhcp-vl2041-31392.eduroam.cornell.edu#00 I: Still 2 tests running : :55:HELP is HELP, :54:HELP is HELP.
2022-12-11T02:05:32+00:00 dhcp-vl2041-31392.eduroam.cornell.edu#00 I: 2 tests running: :55:HELP is HELP, :54:HELP is HELP.
2022-12-11T02:05:32+00:00 dhcp-vl2041-31392.eduroam.cornell.edu#02 I: End test :54:HELP is HELP.
2022-12-11T02:05:32+00:00 dhcp-vl2041-31392.eduroam.cornell.edu#00 I: Still 2 tests running : :55:HELP is HELP, :54:HELP is HELP.
2022-12-11T02:05:32+00:00 dhcp-vl2041-31392.eduroam.cornell.edu#00 I: 2 tests running: :55:HELP is HELP, :54:HELP is HELP.
2022-12-11T02:05:32+00:00 dhcp-vl2041-31392.eduroam.cornell.edu#00 I: Still 1 tests running : :55:HELP is HELP.
2022-12-11T02:05:32+00:00 dhcp-vl2041-31392.eduroam.cornell.edu#00 I: 1 tests running: :55:HELP is HELP.
2022-12-11T02:05:32+00:00 dhcp-vl2041-31392.eduroam.cornell.edu#01 I: Test :55:HELP is HELP is successful.
2022-12-11T02:05:32+00:00 dhcp-vl2041-31392.eduroam.cornell.edu#00 I: Still 1 tests running : :55:HELP is HELP.
2022-12-11T02:05:32+00:00 dhcp-vl2041-31392.eduroam.cornell.edu#00 I: 1 tests running: :55:HELP is HELP.
2022-12-11T02:05:32+00:00 dhcp-vl2041-31392.eduroam.cornell.edu#01 I: End test :55:HELP is HELP.
2022-12-11T02:05:32+00:00 dhcp-vl2041-31392.eduroam.cornell.edu#00 I: Still 1 tests running : :55:HELP is HELP.
2022-12-11T02:05:32+00:00 dhcp-vl2041-31392.eduroam.cornell.edu#00 I: 1 tests running: :55:HELP is HELP.
2022-12-11T02:05:32+00:00 dhcp-vl2041-31392.eduroam.cornell.edu#00 I: 0 tests running: .
2022-12-11T02:05:32+00:00 dhcp-vl2041-31392.eduroam.cornell.edu#00 I: Worker dhcp-vl2041-31392.eduroam.cornell.edu#02 has ended.
2022-12-11T02:05:32+00:00 dhcp-vl2041-31392.eduroam.cornell.edu#00 I: Worker dhcp-vl2041-31392.eduroam.cornell.edu#01 has ended.
2022-12-11T02:05:32+00:00 dhcp-vl2041-31392.eduroam.cornell.edu#00 I: Used 2 worker during test execution.
2022-12-11T02:05:32+00:00 dhcp-vl2041-31392.eduroam.cornell.edu#00 I: Run 27 tests with shard dhcp-vl2041-31392.eduroam.cornell.edu#02.
2022-12-11T02:05:32+00:00 dhcp-vl2041-31392.eduroam.cornell.edu#00 I: Run 29 tests with shard dhcp-vl2041-31392.eduroam.cornell.edu#01.
2022-12-11T02:05:32+00:00 dhcp-vl2041-31392.eduroam.cornell.edu#00 I: Check health of shard dhcp-vl2041-31392.eduroam.cornell.edu#02, 4 times.
2022-12-11T02:05:32+00:00 dhcp-vl2041-31392.eduroam.cornell.edu#00 I: Check health of shard dhcp-vl2041-31392.eduroam.cornell.edu#01, 1 times.
2022-12-11T02:05:32+00:00 dhcp-vl2041-31392.eduroam.cornell.edu#00 I: ==============
2022-12-11T02:05:32+00:00 dhcp-vl2041-31392.eduroam.cornell.edu#00 I: Summary:
2022-12-11T02:05:32+00:00 dhcp-vl2041-31392.eduroam.cornell.edu#00 I: Test :55:HELP is HELP is successful.
2022-12-11T02:05:32+00:00 dhcp-vl2041-31392.eduroam.cornell.edu#00 I: Test :54:HELP is HELP is successful.
2022-12-11T02:05:32+00:00 dhcp-vl2041-31392.eduroam.cornell.edu#00 I: Test :53:tbl3 in db5 has 2 columns is successful.
2022-12-11T02:05:32+00:00 dhcp-vl2041-31392.eduroam.cornell.edu#00 I: Test :52:tbl2 in db3 has 1 column is successful.
2022-12-11T02:05:32+00:00 dhcp-vl2041-31392.eduroam.cornell.edu#00 I: Test :51:tbl1 in db2 has 0 columns is successful.
2022-12-11T02:05:32+00:00 dhcp-vl2041-31392.eduroam.cornell.edu#00 I: Test :50:db3 without tbl2 is db2 is successful.
2022-12-11T02:05:32+00:00 dhcp-vl2041-31392.eduroam.cornell.edu#00 I: Test :49:db2 without tbl1 is db1 is successful.
2022-12-11T02:05:32+00:00 dhcp-vl2041-31392.eduroam.cornell.edu#00 I: Test :48:retitle tbl1 with title "" is successful.
2022-12-11T02:05:32+00:00 dhcp-vl2041-31392.eduroam.cornell.edu#00 I: Test :47:title of tbl8 is "" is successful.
2022-12-11T02:05:32+00:00 dhcp-vl2041-31392.eduroam.cornell.edu#00 I: Test :46:title of tbl1 is "tbl1" is successful.
2022-12-11T02:05:32+00:00 dhcp-vl2041-31392.eduroam.cornell.edu#00 I: Test :45:columns of tbl3 are [col1; col2] is successful.
2022-12-11T02:05:32+00:00 dhcp-vl2041-31392.eduroam.cornell.edu#00 I: Test :44:columns of tbl2 are [col1] is successful.
2022-12-11T02:05:32+00:00 dhcp-vl2041-31392.eduroam.cornell.edu#00 I: Test :43:columns of tbl1 are [] is successful.
2022-12-11T02:05:32+00:00 dhcp-vl2041-31392.eduroam.cornell.edu#00 I: Test :41:initialize empty table in db1 is successful.
2022-12-11T02:05:32+00:00 dhcp-vl2041-31392.eduroam.cornell.edu#00 I: Test :42:initialize empty table in db1 is successful.
2022-12-11T02:05:32+00:00 dhcp-vl2041-31392.eduroam.cornell.edu#00 I: Test :40:rename col1 with name "newname" is successful.
2022-12-11T02:05:32+00:00 dhcp-vl2041-31392.eduroam.cornell.edu#00 I: Test :39:get col7 from tbl9 is successful.
2022-12-11T02:05:32+00:00 dhcp-vl2041-31392.eduroam.cornell.edu#00 I: Test :38:get col8 from tbl9 is successful.
2022-12-11T02:05:32+00:00 dhcp-vl2041-31392.eduroam.cornell.edu#00 I: Test :37:get col2 from tbl3 is successful.
2022-12-11T02:05:32+00:00 dhcp-vl2041-31392.eduroam.cornell.edu#00 I: Test :36:get col1 from tbl3 is successful.
2022-12-11T02:05:32+00:00 dhcp-vl2041-31392.eduroam.cornell.edu#00 I: Test :35:get col1 from tbl2 is successful.
2022-12-11T02:05:32+00:00 dhcp-vl2041-31392.eduroam.cornell.edu#00 I: Test :34:get col8 from tbl8 is successful.
2022-12-11T02:05:32+00:00 dhcp-vl2041-31392.eduroam.cornell.edu#00 I: Test :33:get col1 from tbl2 is successful.
2022-12-11T02:05:32+00:00 dhcp-vl2041-31392.eduroam.cornell.edu#00 I: Test :32:name of col1 is "col1" is successful.
2022-12-11T02:05:32+00:00 dhcp-vl2041-31392.eduroam.cornell.edu#00 I: Test :31:insert empty row to empty table is successful.
2022-12-11T02:05:32+00:00 dhcp-vl2041-31392.eduroam.cornell.edu#00 I: Test :30:Create int value is successful.
2022-12-11T02:05:32+00:00 dhcp-vl2041-31392.eduroam.cornell.edu#00 I: Test :29:Create flt value is successful.
2022-12-11T02:05:32+00:00 dhcp-vl2041-31392.eduroam.cornell.edu#00 I: Test :28:Create string value is successful.
2022-12-11T02:05:32+00:00 dhcp-vl2041-31392.eduroam.cornell.edu#00 I: Test :27:Create boolean value is successful.
2022-12-11T02:05:32+00:00 dhcp-vl2041-31392.eduroam.cornell.edu#00 I: Test :26:String Value for null is successful.
2022-12-11T02:05:32+00:00 dhcp-vl2041-31392.eduroam.cornell.edu#00 I: Test :25:String Value type for prim is successful.
2022-12-11T02:05:32+00:00 dhcp-vl2041-31392.eduroam.cornell.edu#00 I: Test :24:String Value type for float is successful.
2022-12-11T02:05:32+00:00 dhcp-vl2041-31392.eduroam.cornell.edu#00 I: Test :23:String Value Type for string is successful.
2022-12-11T02:05:32+00:00 dhcp-vl2041-31392.eduroam.cornell.edu#00 I: Test :22:String Value Type for string is successful.
2022-12-11T02:05:32+00:00 dhcp-vl2041-31392.eduroam.cornell.edu#00 I: Test :21:Int Value Type for int is successful.
2022-12-11T02:05:32+00:00 dhcp-vl2041-31392.eduroam.cornell.edu#00 I: Test :20:Int Value Type for int is successful.
2022-12-11T02:05:32+00:00 dhcp-vl2041-31392.eduroam.cornell.edu#00 I: Test :19:String type test is successful.
2022-12-11T02:05:32+00:00 dhcp-vl2041-31392.eduroam.cornell.edu#00 I: Test :18:String type test is successful.
2022-12-11T02:05:32+00:00 dhcp-vl2041-31392.eduroam.cornell.edu#00 I: Test :17:String Column Type is successful.
2022-12-11T02:05:32+00:00 dhcp-vl2041-31392.eduroam.cornell.edu#00 I: Test :16:String Column Type is successful.
2022-12-11T02:05:32+00:00 dhcp-vl2041-31392.eduroam.cornell.edu#00 I: Test :15:Int Column Type is successful.
2022-12-11T02:05:32+00:00 dhcp-vl2041-31392.eduroam.cornell.edu#00 I: Test :14:Int Column Type is successful.
2022-12-11T02:05:32+00:00 dhcp-vl2041-31392.eduroam.cornell.edu#00 I: Test :13:HELP is HELP is successful.
2022-12-11T02:05:32+00:00 dhcp-vl2041-31392.eduroam.cornell.edu#00 I: Test :11:destringify db3.json is successful.
2022-12-11T02:05:32+00:00 dhcp-vl2041-31392.eduroam.cornell.edu#00 I: Test :12:HELP is HELP is successful.
2022-12-11T02:05:32+00:00 dhcp-vl2041-31392.eduroam.cornell.edu#00 I: Test :10:destringify db2.json is successful.
2022-12-11T02:05:32+00:00 dhcp-vl2041-31392.eduroam.cornell.edu#00 I: Test :9:destringify db1.json is successful.
2022-12-11T02:05:32+00:00 dhcp-vl2041-31392.eduroam.cornell.edu#00 I: Test :8:sample database with two tables is successful.
2022-12-11T02:05:32+00:00 dhcp-vl2041-31392.eduroam.cornell.edu#00 I: Test :7:sample database with one table is successful.
2022-12-11T02:05:32+00:00 dhcp-vl2041-31392.eduroam.cornell.edu#00 I: Test :6:sample database with no tables is successful.
2022-12-11T02:05:32+00:00 dhcp-vl2041-31392.eduroam.cornell.edu#00 I: Test :5:sample table with two columns is successful.
2022-12-11T02:05:32+00:00 dhcp-vl2041-31392.eduroam.cornell.edu#00 I: Test :4:sample table with one column is successful.
2022-12-11T02:05:32+00:00 dhcp-vl2041-31392.eduroam.cornell.edu#00 I: Test :3:sample table with no columns is successful.
2022-12-11T02:05:32+00:00 dhcp-vl2041-31392.eduroam.cornell.edu#00 I: Test :2:sample col with two values is successful.
2022-12-11T02:05:32+00:00 dhcp-vl2041-31392.eduroam.cornell.edu#00 I: Test :1:sample col with one value is successful.
2022-12-11T02:05:32+00:00 dhcp-vl2041-31392.eduroam.cornell.edu#00 I: Test :0:sample col with no values is successful.
2022-12-11T02:05:32+00:00 dhcp-vl2041-31392.eduroam.cornell.edu#00 I: Ran: 56 tests in: 0.12 seconds.
2022-12-11T02:05:32+00:00 dhcp-vl2041-31392.eduroam.cornell.edu#00 I: Cases: 56.
2022-12-11T02:05:32+00:00 dhcp-vl2041-31392.eduroam.cornell.edu#00 I: Tried: 56.
2022-12-11T02:05:32+00:00 dhcp-vl2041-31392.eduroam.cornell.edu#00 I: Errors: 0.
2022-12-11T02:05:32+00:00 dhcp-vl2041-31392.eduroam.cornell.edu#00 I: Failures: 0.
2022-12-11T02:05:32+00:00 dhcp-vl2041-31392.eduroam.cornell.edu#00 I: Skip: 0.
2022-12-11T02:05:32+00:00 dhcp-vl2041-31392.eduroam.cornell.edu#00 I: Todo: 0.
2022-12-11T02:05:32+00:00 dhcp-vl2041-31392.eduroam.cornell.edu#00 I: Timeout: 0.
